INFO - 2023-12-29 09:13:33 --> Session: Class initialized using 'CodeIgniter\Session\Handlers\FileHandler' driver.
INFO - 2023-12-29 09:14:20 --> Session: Class initialized using 'CodeIgniter\Session\Handlers\FileHandler' driver.
INFO - 2023-12-29 10:31:16 --> Session: Class initialized using 'CodeIgniter\Session\Handlers\FileHandler' driver.
CRITICAL - 2023-12-29 10:31:20 --> Attempt to read property "rol" on null
in APPPATH\Models\MiModelo.php on line 24.
 1 APPPATH\Models\MiModelo.php(24): CodeIgniter\Debug\Exceptions->errorHandler(2, 'Attempt to read property "rol" on null', 'C:\\Users\\jorge\\OneDrive - Educacyl\\DAW2\\Desarrollo Web en Entorno Servidor\\proyectoASIR\\codeigniter\\app\\Models\\MiModelo.php', 24)
 2 APPPATH\Controllers\Home.php(116): App\Models\MiModelo->queEs('1')
 3 SYSTEMPATH\CodeIgniter.php(942): App\Controllers\Home->entrar()
 4 SYSTEMPATH\CodeIgniter.php(502): CodeIgniter\CodeIgniter->runController(Object(App\Controllers\Home))
 5 SYSTEMPATH\CodeIgniter.php(361): CodeIgniter\CodeIgniter->handleRequest(null, Object(Config\Cache), false)
 6 FCPATH\index.php(79): CodeIgniter\CodeIgniter->run()
INFO - 2023-12-29 10:31:38 --> Session: Class initialized using 'CodeIgniter\Session\Handlers\FileHandler' driver.
INFO - 2023-12-29 10:36:21 --> Session: Class initialized using 'CodeIgniter\Session\Handlers\FileHandler' driver.
CRITICAL - 2023-12-29 10:36:21 --> Undefined variable $nombreUsuario
in APPPATH\Views\header.php on line 12.
 1 APPPATH\Views\header.php(12): CodeIgniter\Debug\Exceptions->errorHandler(2, 'Undefined variable $nombreUsuario', 'C:\\Users\\jorge\\OneDrive - Educacyl\\DAW2\\Desarrollo Web en Entorno Servidor\\proyectoASIR\\codeigniter\\app\\Views\\header.php', 12)
 2 APPPATH\Views\index.php(21): include('C:\\Users\\jorge\\OneDrive - Educacyl\\DAW2\\Desarrollo Web en Entorno Servidor\\proyectoASIR\\codeigniter\\app\\Views\\header.php')
 3 SYSTEMPATH\View\View.php(228): include('C:\\Users\\jorge\\OneDrive - Educacyl\\DAW2\\Desarrollo Web en Entorno Servidor\\proyectoASIR\\codeigniter\\app\\Views\\index.php')
 4 SYSTEMPATH\View\View.php(231): CodeIgniter\View\View->CodeIgniter\View\{closure}()
 5 SYSTEMPATH\Common.php(1190): CodeIgniter\View\View->render('index', [], true)
 6 APPPATH\Controllers\Home.php(16): view('index', [...])
 7 APPPATH\Controllers\Home.php(119): App\Controllers\Home->index()
 8 SYSTEMPATH\CodeIgniter.php(942): App\Controllers\Home->entrar()
 9 SYSTEMPATH\CodeIgniter.php(502): CodeIgniter\CodeIgniter->runController(Object(App\Controllers\Home))
10 SYSTEMPATH\CodeIgniter.php(361): CodeIgniter\CodeIgniter->handleRequest(null, Object(Config\Cache), false)
11 FCPATH\index.php(79): CodeIgniter\CodeIgniter->run()
INFO - 2023-12-29 10:37:57 --> Session: Class initialized using 'CodeIgniter\Session\Handlers\FileHandler' driver.
CRITICAL - 2023-12-29 10:37:57 --> Undefined variable $nombreUsuario
in APPPATH\Views\header.php on line 12.
 1 APPPATH\Views\header.php(12): CodeIgniter\Debug\Exceptions->errorHandler(2, 'Undefined variable $nombreUsuario', 'C:\\Users\\jorge\\OneDrive - Educacyl\\DAW2\\Desarrollo Web en Entorno Servidor\\proyectoASIR\\codeigniter\\app\\Views\\header.php', 12)
 2 APPPATH\Views\index.php(21): include('C:\\Users\\jorge\\OneDrive - Educacyl\\DAW2\\Desarrollo Web en Entorno Servidor\\proyectoASIR\\codeigniter\\app\\Views\\header.php')
 3 SYSTEMPATH\View\View.php(228): include('C:\\Users\\jorge\\OneDrive - Educacyl\\DAW2\\Desarrollo Web en Entorno Servidor\\proyectoASIR\\codeigniter\\app\\Views\\index.php')
 4 SYSTEMPATH\View\View.php(231): CodeIgniter\View\View->CodeIgniter\View\{closure}()
 5 SYSTEMPATH\Common.php(1190): CodeIgniter\View\View->render('index', [], true)
 6 APPPATH\Controllers\Home.php(16): view('index', [...])
 7 SYSTEMPATH\CodeIgniter.php(942): App\Controllers\Home->index()
 8 SYSTEMPATH\CodeIgniter.php(502): CodeIgniter\CodeIgniter->runController(Object(App\Controllers\Home))
 9 SYSTEMPATH\CodeIgniter.php(361): CodeIgniter\CodeIgniter->handleRequest(null, Object(Config\Cache), false)
10 FCPATH\index.php(79): CodeIgniter\CodeIgniter->run()
INFO - 2023-12-29 10:38:09 --> Session: Class initialized using 'CodeIgniter\Session\Handlers\FileHandler' driver.
CRITICAL - 2023-12-29 10:38:09 --> Undefined variable $nombreUsuario
in APPPATH\Views\header.php on line 12.
 1 APPPATH\Views\header.php(12): CodeIgniter\Debug\Exceptions->errorHandler(2, 'Undefined variable $nombreUsuario', 'C:\\Users\\jorge\\OneDrive - Educacyl\\DAW2\\Desarrollo Web en Entorno Servidor\\proyectoASIR\\codeigniter\\app\\Views\\header.php', 12)
 2 APPPATH\Views\index.php(21): include('C:\\Users\\jorge\\OneDrive - Educacyl\\DAW2\\Desarrollo Web en Entorno Servidor\\proyectoASIR\\codeigniter\\app\\Views\\header.php')
 3 SYSTEMPATH\View\View.php(228): include('C:\\Users\\jorge\\OneDrive - Educacyl\\DAW2\\Desarrollo Web en Entorno Servidor\\proyectoASIR\\codeigniter\\app\\Views\\index.php')
 4 SYSTEMPATH\View\View.php(231): CodeIgniter\View\View->CodeIgniter\View\{closure}()
 5 SYSTEMPATH\Common.php(1190): CodeIgniter\View\View->render('index', [], true)
 6 APPPATH\Controllers\Home.php(16): view('index', [...])
 7 SYSTEMPATH\CodeIgniter.php(942): App\Controllers\Home->index()
 8 SYSTEMPATH\CodeIgniter.php(502): CodeIgniter\CodeIgniter->runController(Object(App\Controllers\Home))
 9 SYSTEMPATH\CodeIgniter.php(361): CodeIgniter\CodeIgniter->handleRequest(null, Object(Config\Cache), false)
10 FCPATH\index.php(79): CodeIgniter\CodeIgniter->run()
INFO - 2023-12-29 10:38:34 --> Session: Class initialized using 'CodeIgniter\Session\Handlers\FileHandler' driver.
INFO - 2023-12-29 10:38:40 --> Session: Class initialized using 'CodeIgniter\Session\Handlers\FileHandler' driver.
INFO - 2023-12-29 10:38:58 --> Session: Class initialized using 'CodeIgniter\Session\Handlers\FileHandler' driver.
CRITICAL - 2023-12-29 10:38:58 --> Undefined variable $nombreUsuario
in APPPATH\Views\header.php on line 12.
 1 APPPATH\Views\header.php(12): CodeIgniter\Debug\Exceptions->errorHandler(2, 'Undefined variable $nombreUsuario', 'C:\\Users\\jorge\\OneDrive - Educacyl\\DAW2\\Desarrollo Web en Entorno Servidor\\proyectoASIR\\codeigniter\\app\\Views\\header.php', 12)
 2 APPPATH\Views\index.php(21): include('C:\\Users\\jorge\\OneDrive - Educacyl\\DAW2\\Desarrollo Web en Entorno Servidor\\proyectoASIR\\codeigniter\\app\\Views\\header.php')
 3 SYSTEMPATH\View\View.php(228): include('C:\\Users\\jorge\\OneDrive - Educacyl\\DAW2\\Desarrollo Web en Entorno Servidor\\proyectoASIR\\codeigniter\\app\\Views\\index.php')
 4 SYSTEMPATH\View\View.php(231): CodeIgniter\View\View->CodeIgniter\View\{closure}()
 5 SYSTEMPATH\Common.php(1190): CodeIgniter\View\View->render('index', [], true)
 6 APPPATH\Controllers\Home.php(16): view('index', [...])
 7 APPPATH\Controllers\Home.php(119): App\Controllers\Home->index()
 8 SYSTEMPATH\CodeIgniter.php(942): App\Controllers\Home->entrar()
 9 SYSTEMPATH\CodeIgniter.php(502): CodeIgniter\CodeIgniter->runController(Object(App\Controllers\Home))
10 SYSTEMPATH\CodeIgniter.php(361): CodeIgniter\CodeIgniter->handleRequest(null, Object(Config\Cache), false)
11 FCPATH\index.php(79): CodeIgniter\CodeIgniter->run()
INFO - 2023-12-29 10:39:08 --> Session: Class initialized using 'CodeIgniter\Session\Handlers\FileHandler' driver.
INFO - 2023-12-29 10:39:14 --> Session: Class initialized using 'CodeIgniter\Session\Handlers\FileHandler' driver.
CRITICAL - 2023-12-29 10:39:14 --> Undefined property: stdClass::$mostrarBotonEntrar
in APPPATH\Models\MiModelo.php on line 176.
 1 APPPATH\Models\MiModelo.php(176): CodeIgniter\Debug\Exceptions->errorHandler(2, 'Undefined property: stdClass::$mostrarBotonEntrar', 'C:\\Users\\jorge\\OneDrive - Educacyl\\DAW2\\Desarrollo Web en Entorno Servidor\\proyectoASIR\\codeigniter\\app\\Models\\MiModelo.php', 176)
 2 APPPATH\Controllers\Home.php(135): App\Models\MiModelo->mostrarBotonEntrar('2')
 3 SYSTEMPATH\CodeIgniter.php(942): App\Controllers\Home->entrar()
 4 SYSTEMPATH\CodeIgniter.php(502): CodeIgniter\CodeIgniter->runController(Object(App\Controllers\Home))
 5 SYSTEMPATH\CodeIgniter.php(361): CodeIgniter\CodeIgniter->handleRequest(null, Object(Config\Cache), false)
 6 FCPATH\index.php(79): CodeIgniter\CodeIgniter->run()
INFO - 2023-12-29 10:40:54 --> Session: Class initialized using 'CodeIgniter\Session\Handlers\FileHandler' driver.
CRITICAL - 2023-12-29 10:40:54 --> You must set the database table to be used with your query.
in SYSTEMPATH\Database\BaseConnection.php on line 884.
 1 SYSTEMPATH\Model.php(635): CodeIgniter\Database\BaseConnection->table(null)
 2 SYSTEMPATH\Model.php(863): CodeIgniter\Model->builder()
 3 APPPATH\Controllers\Home.php(141): CodeIgniter\Model->__call('obtenerDatosDB2', [])
 4 SYSTEMPATH\CodeIgniter.php(942): App\Controllers\Home->entrar()
 5 SYSTEMPATH\CodeIgniter.php(502): CodeIgniter\CodeIgniter->runController(Object(App\Controllers\Home))
 6 SYSTEMPATH\CodeIgniter.php(361): CodeIgniter\CodeIgniter->handleRequest(null, Object(Config\Cache), false)
 7 FCPATH\index.php(79): CodeIgniter\CodeIgniter->run()
INFO - 2023-12-29 10:41:29 --> Session: Class initialized using 'CodeIgniter\Session\Handlers\FileHandler' driver.
CRITICAL - 2023-12-29 10:41:29 --> You must set the database table to be used with your query.
in SYSTEMPATH\Database\BaseConnection.php on line 884.
 1 SYSTEMPATH\Model.php(635): CodeIgniter\Database\BaseConnection->table(null)
 2 SYSTEMPATH\Model.php(863): CodeIgniter\Model->builder()
 3 APPPATH\Controllers\Home.php(141): CodeIgniter\Model->__call('obtenerDatosDB2', [])
 4 SYSTEMPATH\CodeIgniter.php(942): App\Controllers\Home->entrar()
 5 SYSTEMPATH\CodeIgniter.php(502): CodeIgniter\CodeIgniter->runController(Object(App\Controllers\Home))
 6 SYSTEMPATH\CodeIgniter.php(361): CodeIgniter\CodeIgniter->handleRequest(null, Object(Config\Cache), false)
 7 FCPATH\index.php(79): CodeIgniter\CodeIgniter->run()
INFO - 2023-12-29 10:41:30 --> Session: Class initialized using 'CodeIgniter\Session\Handlers\FileHandler' driver.
CRITICAL - 2023-12-29 10:41:30 --> You must set the database table to be used with your query.
in SYSTEMPATH\Database\BaseConnection.php on line 884.
 1 SYSTEMPATH\Model.php(635): CodeIgniter\Database\BaseConnection->table(null)
 2 SYSTEMPATH\Model.php(863): CodeIgniter\Model->builder()
 3 APPPATH\Controllers\Home.php(141): CodeIgniter\Model->__call('obtenerDatosDB2', [])
 4 SYSTEMPATH\CodeIgniter.php(942): App\Controllers\Home->entrar()
 5 SYSTEMPATH\CodeIgniter.php(502): CodeIgniter\CodeIgniter->runController(Object(App\Controllers\Home))
 6 SYSTEMPATH\CodeIgniter.php(361): CodeIgniter\CodeIgniter->handleRequest(null, Object(Config\Cache), false)
 7 FCPATH\index.php(79): CodeIgniter\CodeIgniter->run()
INFO - 2023-12-29 10:41:31 --> Session: Class initialized using 'CodeIgniter\Session\Handlers\FileHandler' driver.
CRITICAL - 2023-12-29 10:41:31 --> You must set the database table to be used with your query.
in SYSTEMPATH\Database\BaseConnection.php on line 884.
 1 SYSTEMPATH\Model.php(635): CodeIgniter\Database\BaseConnection->table(null)
 2 SYSTEMPATH\Model.php(863): CodeIgniter\Model->builder()
 3 APPPATH\Controllers\Home.php(141): CodeIgniter\Model->__call('obtenerDatosDB2', [])
 4 SYSTEMPATH\CodeIgniter.php(942): App\Controllers\Home->entrar()
 5 SYSTEMPATH\CodeIgniter.php(502): CodeIgniter\CodeIgniter->runController(Object(App\Controllers\Home))
 6 SYSTEMPATH\CodeIgniter.php(361): CodeIgniter\CodeIgniter->handleRequest(null, Object(Config\Cache), false)
 7 FCPATH\index.php(79): CodeIgniter\CodeIgniter->run()
INFO - 2023-12-29 10:41:32 --> Session: Class initialized using 'CodeIgniter\Session\Handlers\FileHandler' driver.
CRITICAL - 2023-12-29 10:41:32 --> You must set the database table to be used with your query.
in SYSTEMPATH\Database\BaseConnection.php on line 884.
 1 SYSTEMPATH\Model.php(635): CodeIgniter\Database\BaseConnection->table(null)
 2 SYSTEMPATH\Model.php(863): CodeIgniter\Model->builder()
 3 APPPATH\Controllers\Home.php(141): CodeIgniter\Model->__call('obtenerDatosDB2', [])
 4 SYSTEMPATH\CodeIgniter.php(942): App\Controllers\Home->entrar()
 5 SYSTEMPATH\CodeIgniter.php(502): CodeIgniter\CodeIgniter->runController(Object(App\Controllers\Home))
 6 SYSTEMPATH\CodeIgniter.php(361): CodeIgniter\CodeIgniter->handleRequest(null, Object(Config\Cache), false)
 7 FCPATH\index.php(79): CodeIgniter\CodeIgniter->run()
INFO - 2023-12-29 10:41:32 --> Session: Class initialized using 'CodeIgniter\Session\Handlers\FileHandler' driver.
CRITICAL - 2023-12-29 10:41:32 --> You must set the database table to be used with your query.
in SYSTEMPATH\Database\BaseConnection.php on line 884.
 1 SYSTEMPATH\Model.php(635): CodeIgniter\Database\BaseConnection->table(null)
 2 SYSTEMPATH\Model.php(863): CodeIgniter\Model->builder()
 3 APPPATH\Controllers\Home.php(141): CodeIgniter\Model->__call('obtenerDatosDB2', [])
 4 SYSTEMPATH\CodeIgniter.php(942): App\Controllers\Home->entrar()
 5 SYSTEMPATH\CodeIgniter.php(502): CodeIgniter\CodeIgniter->runController(Object(App\Controllers\Home))
 6 SYSTEMPATH\CodeIgniter.php(361): CodeIgniter\CodeIgniter->handleRequest(null, Object(Config\Cache), false)
 7 FCPATH\index.php(79): CodeIgniter\CodeIgniter->run()
INFO - 2023-12-29 10:41:33 --> Session: Class initialized using 'CodeIgniter\Session\Handlers\FileHandler' driver.
CRITICAL - 2023-12-29 10:41:33 --> You must set the database table to be used with your query.
in SYSTEMPATH\Database\BaseConnection.php on line 884.
 1 SYSTEMPATH\Model.php(635): CodeIgniter\Database\BaseConnection->table(null)
 2 SYSTEMPATH\Model.php(863): CodeIgniter\Model->builder()
 3 APPPATH\Controllers\Home.php(141): CodeIgniter\Model->__call('obtenerDatosDB2', [])
 4 SYSTEMPATH\CodeIgniter.php(942): App\Controllers\Home->entrar()
 5 SYSTEMPATH\CodeIgniter.php(502): CodeIgniter\CodeIgniter->runController(Object(App\Controllers\Home))
 6 SYSTEMPATH\CodeIgniter.php(361): CodeIgniter\CodeIgniter->handleRequest(null, Object(Config\Cache), false)
 7 FCPATH\index.php(79): CodeIgniter\CodeIgniter->run()
INFO - 2023-12-29 10:42:17 --> Session: Class initialized using 'CodeIgniter\Session\Handlers\FileHandler' driver.
CRITICAL - 2023-12-29 10:42:17 --> Undefined variable $datos
in APPPATH\Controllers\Home.php on line 142.
 1 APPPATH\Controllers\Home.php(142): CodeIgniter\Debug\Exceptions->errorHandler(2, 'Undefined variable $datos', 'C:\\Users\\jorge\\OneDrive - Educacyl\\DAW2\\Desarrollo Web en Entorno Servidor\\proyectoASIR\\codeigniter\\app\\Controllers\\Home.php', 142)
 2 SYSTEMPATH\CodeIgniter.php(942): App\Controllers\Home->entrar()
 3 SYSTEMPATH\CodeIgniter.php(502): CodeIgniter\CodeIgniter->runController(Object(App\Controllers\Home))
 4 SYSTEMPATH\CodeIgniter.php(361): CodeIgniter\CodeIgniter->handleRequest(null, Object(Config\Cache), false)
 5 FCPATH\index.php(79): CodeIgniter\CodeIgniter->run()
INFO - 2023-12-29 10:42:34 --> Session: Class initialized using 'CodeIgniter\Session\Handlers\FileHandler' driver.
INFO - 2023-12-29 10:42:37 --> Session: Class initialized using 'CodeIgniter\Session\Handlers\FileHandler' driver.
INFO - 2023-12-29 10:42:47 --> Session: Class initialized using 'CodeIgniter\Session\Handlers\FileHandler' driver.
CRITICAL - 2023-12-29 10:42:47 --> Undefined variable $nombreUsuario
in APPPATH\Views\header.php on line 12.
 1 APPPATH\Views\header.php(12): CodeIgniter\Debug\Exceptions->errorHandler(2, 'Undefined variable $nombreUsuario', 'C:\\Users\\jorge\\OneDrive - Educacyl\\DAW2\\Desarrollo Web en Entorno Servidor\\proyectoASIR\\codeigniter\\app\\Views\\header.php', 12)
 2 APPPATH\Views\index.php(21): include('C:\\Users\\jorge\\OneDrive - Educacyl\\DAW2\\Desarrollo Web en Entorno Servidor\\proyectoASIR\\codeigniter\\app\\Views\\header.php')
 3 SYSTEMPATH\View\View.php(228): include('C:\\Users\\jorge\\OneDrive - Educacyl\\DAW2\\Desarrollo Web en Entorno Servidor\\proyectoASIR\\codeigniter\\app\\Views\\index.php')
 4 SYSTEMPATH\View\View.php(231): CodeIgniter\View\View->CodeIgniter\View\{closure}()
 5 SYSTEMPATH\Common.php(1190): CodeIgniter\View\View->render('index', [], true)
 6 APPPATH\Controllers\Home.php(16): view('index', [...])
 7 APPPATH\Controllers\Home.php(119): App\Controllers\Home->index()
 8 SYSTEMPATH\CodeIgniter.php(942): App\Controllers\Home->entrar()
 9 SYSTEMPATH\CodeIgniter.php(502): CodeIgniter\CodeIgniter->runController(Object(App\Controllers\Home))
10 SYSTEMPATH\CodeIgniter.php(361): CodeIgniter\CodeIgniter->handleRequest(null, Object(Config\Cache), false)
11 FCPATH\index.php(79): CodeIgniter\CodeIgniter->run()
INFO - 2023-12-29 10:44:51 --> Session: Class initialized using 'CodeIgniter\Session\Handlers\FileHandler' driver.
INFO - 2023-12-29 10:45:21 --> Session: Class initialized using 'CodeIgniter\Session\Handlers\FileHandler' driver.
CRITICAL - 2023-12-29 10:45:21 --> Undefined variable $nombreUsuario
in APPPATH\Views\header.php on line 12.
 1 APPPATH\Views\header.php(12): CodeIgniter\Debug\Exceptions->errorHandler(2, 'Undefined variable $nombreUsuario', 'C:\\Users\\jorge\\OneDrive - Educacyl\\DAW2\\Desarrollo Web en Entorno Servidor\\proyectoASIR\\codeigniter\\app\\Views\\header.php', 12)
 2 APPPATH\Views\index.php(21): include('C:\\Users\\jorge\\OneDrive - Educacyl\\DAW2\\Desarrollo Web en Entorno Servidor\\proyectoASIR\\codeigniter\\app\\Views\\header.php')
 3 SYSTEMPATH\View\View.php(228): include('C:\\Users\\jorge\\OneDrive - Educacyl\\DAW2\\Desarrollo Web en Entorno Servidor\\proyectoASIR\\codeigniter\\app\\Views\\index.php')
 4 SYSTEMPATH\View\View.php(231): CodeIgniter\View\View->CodeIgniter\View\{closure}()
 5 SYSTEMPATH\Common.php(1190): CodeIgniter\View\View->render('index', [], true)
 6 APPPATH\Controllers\Home.php(16): view('index', [...])
 7 APPPATH\Controllers\Home.php(119): App\Controllers\Home->index()
 8 SYSTEMPATH\CodeIgniter.php(942): App\Controllers\Home->entrar()
 9 SYSTEMPATH\CodeIgniter.php(502): CodeIgniter\CodeIgniter->runController(Object(App\Controllers\Home))
10 SYSTEMPATH\CodeIgniter.php(361): CodeIgniter\CodeIgniter->handleRequest(null, Object(Config\Cache), false)
11 FCPATH\index.php(79): CodeIgniter\CodeIgniter->run()
INFO - 2023-12-29 10:46:08 --> Session: Class initialized using 'CodeIgniter\Session\Handlers\FileHandler' driver.
INFO - 2023-12-29 10:50:52 --> Session: Class initialized using 'CodeIgniter\Session\Handlers\FileHandler' driver.
INFO - 2023-12-29 10:51:03 --> Session: Class initialized using 'CodeIgniter\Session\Handlers\FileHandler' driver.
INFO - 2023-12-29 10:51:13 --> Session: Class initialized using 'CodeIgniter\Session\Handlers\FileHandler' driver.
INFO - 2023-12-29 10:52:08 --> Session: Class initialized using 'CodeIgniter\Session\Handlers\FileHandler' driver.
CRITICAL - 2023-12-29 10:52:08 --> Undefined variable $nombreUsuario
in APPPATH\Views\header.php on line 12.
 1 APPPATH\Views\header.php(12): CodeIgniter\Debug\Exceptions->errorHandler(2, 'Undefined variable $nombreUsuario', 'C:\\Users\\jorge\\OneDrive - Educacyl\\DAW2\\Desarrollo Web en Entorno Servidor\\proyectoASIR\\codeigniter\\app\\Views\\header.php', 12)
 2 APPPATH\Views\index.php(21): include('C:\\Users\\jorge\\OneDrive - Educacyl\\DAW2\\Desarrollo Web en Entorno Servidor\\proyectoASIR\\codeigniter\\app\\Views\\header.php')
 3 SYSTEMPATH\View\View.php(228): include('C:\\Users\\jorge\\OneDrive - Educacyl\\DAW2\\Desarrollo Web en Entorno Servidor\\proyectoASIR\\codeigniter\\app\\Views\\index.php')
 4 SYSTEMPATH\View\View.php(231): CodeIgniter\View\View->CodeIgniter\View\{closure}()
 5 SYSTEMPATH\Common.php(1190): CodeIgniter\View\View->render('index', [], true)
 6 APPPATH\Controllers\Home.php(16): view('index', [...])
 7 APPPATH\Controllers\Home.php(119): App\Controllers\Home->index()
 8 SYSTEMPATH\CodeIgniter.php(942): App\Controllers\Home->entrar()
 9 SYSTEMPATH\CodeIgniter.php(502): CodeIgniter\CodeIgniter->runController(Object(App\Controllers\Home))
10 SYSTEMPATH\CodeIgniter.php(361): CodeIgniter\CodeIgniter->handleRequest(null, Object(Config\Cache), false)
11 FCPATH\index.php(79): CodeIgniter\CodeIgniter->run()
INFO - 2023-12-29 10:53:41 --> Session: Class initialized using 'CodeIgniter\Session\Handlers\FileHandler' driver.
INFO - 2023-12-29 10:55:45 --> Session: Class initialized using 'CodeIgniter\Session\Handlers\FileHandler' driver.
CRITICAL - 2023-12-29 10:55:45 --> App\Controllers\Home::entrar(): Return value must be of type string, none returned
in APPPATH\Controllers\Home.php on line 140.
 1 SYSTEMPATH\CodeIgniter.php(942): App\Controllers\Home->entrar()
 2 SYSTEMPATH\CodeIgniter.php(502): CodeIgniter\CodeIgniter->runController(Object(App\Controllers\Home))
 3 SYSTEMPATH\CodeIgniter.php(361): CodeIgniter\CodeIgniter->handleRequest(null, Object(Config\Cache), false)
 4 FCPATH\index.php(79): CodeIgniter\CodeIgniter->run()
INFO - 2023-12-29 10:55:47 --> Session: Class initialized using 'CodeIgniter\Session\Handlers\FileHandler' driver.
CRITICAL - 2023-12-29 10:55:47 --> App\Controllers\Home::entrar(): Return value must be of type string, none returned
in APPPATH\Controllers\Home.php on line 140.
 1 SYSTEMPATH\CodeIgniter.php(942): App\Controllers\Home->entrar()
 2 SYSTEMPATH\CodeIgniter.php(502): CodeIgniter\CodeIgniter->runController(Object(App\Controllers\Home))
 3 SYSTEMPATH\CodeIgniter.php(361): CodeIgniter\CodeIgniter->handleRequest(null, Object(Config\Cache), false)
 4 FCPATH\index.php(79): CodeIgniter\CodeIgniter->run()
INFO - 2023-12-29 10:56:01 --> Session: Class initialized using 'CodeIgniter\Session\Handlers\FileHandler' driver.
CRITICAL - 2023-12-29 10:56:01 --> Undefined property: CodeIgniter\View\View::$session
in APPPATH\Views\header.php on line 9.
 1 APPPATH\Views\header.php(9): CodeIgniter\Debug\Exceptions->errorHandler(2, 'Undefined property: CodeIgniter\\View\\View::$session', 'C:\\Users\\jorge\\OneDrive - Educacyl\\DAW2\\Desarrollo Web en Entorno Servidor\\proyectoASIR\\codeigniter\\app\\Views\\header.php', 9)
 2 APPPATH\Views\index.php(21): include('C:\\Users\\jorge\\OneDrive - Educacyl\\DAW2\\Desarrollo Web en Entorno Servidor\\proyectoASIR\\codeigniter\\app\\Views\\header.php')
 3 SYSTEMPATH\View\View.php(228): include('C:\\Users\\jorge\\OneDrive - Educacyl\\DAW2\\Desarrollo Web en Entorno Servidor\\proyectoASIR\\codeigniter\\app\\Views\\index.php')
 4 SYSTEMPATH\View\View.php(231): CodeIgniter\View\View->CodeIgniter\View\{closure}()
 5 SYSTEMPATH\Common.php(1190): CodeIgniter\View\View->render('index', [], true)
 6 APPPATH\Controllers\Home.php(16): view('index', [...])
 7 APPPATH\Controllers\Home.php(119): App\Controllers\Home->index()
 8 SYSTEMPATH\CodeIgniter.php(942): App\Controllers\Home->entrar()
 9 SYSTEMPATH\CodeIgniter.php(502): CodeIgniter\CodeIgniter->runController(Object(App\Controllers\Home))
10 SYSTEMPATH\CodeIgniter.php(361): CodeIgniter\CodeIgniter->handleRequest(null, Object(Config\Cache), false)
11 FCPATH\index.php(79): CodeIgniter\CodeIgniter->run()
INFO - 2023-12-29 10:57:48 --> Session: Class initialized using 'CodeIgniter\Session\Handlers\FileHandler' driver.
INFO - 2023-12-29 10:57:55 --> Session: Class initialized using 'CodeIgniter\Session\Handlers\FileHandler' driver.
INFO - 2023-12-29 10:58:03 --> Session: Class initialized using 'CodeIgniter\Session\Handlers\FileHandler' driver.
INFO - 2023-12-29 11:01:55 --> Session: Class initialized using 'CodeIgniter\Session\Handlers\FileHandler' driver.
INFO - 2023-12-29 11:01:58 --> Session: Class initialized using 'CodeIgniter\Session\Handlers\FileHandler' driver.
INFO - 2023-12-29 11:02:02 --> Session: Class initialized using 'CodeIgniter\Session\Handlers\FileHandler' driver.
INFO - 2023-12-29 11:02:27 --> Session: Class initialized using 'CodeIgniter\Session\Handlers\FileHandler' driver.
INFO - 2023-12-29 11:02:36 --> Session: Class initialized using 'CodeIgniter\Session\Handlers\FileHandler' driver.
INFO - 2023-12-29 11:02:46 --> Session: Class initialized using 'CodeIgniter\Session\Handlers\FileHandler' driver.
INFO - 2023-12-29 11:02:59 --> Session: Class initialized using 'CodeIgniter\Session\Handlers\FileHandler' driver.
INFO - 2023-12-29 11:03:34 --> Session: Class initialized using 'CodeIgniter\Session\Handlers\FileHandler' driver.
CRITICAL - 2023-12-29 11:03:34 --> Undefined variable $correo
in APPPATH\Views\header.php on line 17.
 1 APPPATH\Views\header.php(17): CodeIgniter\Debug\Exceptions->errorHandler(2, 'Undefined variable $correo', 'C:\\Users\\jorge\\OneDrive - Educacyl\\DAW2\\Desarrollo Web en Entorno Servidor\\proyectoASIR\\codeigniter\\app\\Views\\header.php', 17)
 2 APPPATH\Views\index.php(21): include('C:\\Users\\jorge\\OneDrive - Educacyl\\DAW2\\Desarrollo Web en Entorno Servidor\\proyectoASIR\\codeigniter\\app\\Views\\header.php')
 3 SYSTEMPATH\View\View.php(228): include('C:\\Users\\jorge\\OneDrive - Educacyl\\DAW2\\Desarrollo Web en Entorno Servidor\\proyectoASIR\\codeigniter\\app\\Views\\index.php')
 4 SYSTEMPATH\View\View.php(231): CodeIgniter\View\View->CodeIgniter\View\{closure}()
 5 SYSTEMPATH\Common.php(1190): CodeIgniter\View\View->render('index', [], true)
 6 APPPATH\Controllers\Home.php(16): view('index', [...])
 7 APPPATH\Controllers\Home.php(119): App\Controllers\Home->index()
 8 SYSTEMPATH\CodeIgniter.php(942): App\Controllers\Home->entrar()
 9 SYSTEMPATH\CodeIgniter.php(502): CodeIgniter\CodeIgniter->runController(Object(App\Controllers\Home))
10 SYSTEMPATH\CodeIgniter.php(361): CodeIgniter\CodeIgniter->handleRequest(null, Object(Config\Cache), false)
11 FCPATH\index.php(79): CodeIgniter\CodeIgniter->run()
INFO - 2023-12-29 11:03:50 --> Session: Class initialized using 'CodeIgniter\Session\Handlers\FileHandler' driver.
INFO - 2023-12-29 12:05:50 --> Session: Class initialized using 'CodeIgniter\Session\Handlers\FileHandler' driver.
INFO - 2023-12-29 12:06:13 --> Session: Class initialized using 'CodeIgniter\Session\Handlers\FileHandler' driver.
INFO - 2023-12-29 12:07:46 --> Session: Class initialized using 'CodeIgniter\Session\Handlers\FileHandler' driver.
INFO - 2023-12-29 12:07:48 --> Session: Class initialized using 'CodeIgniter\Session\Handlers\FileHandler' driver.
INFO - 2023-12-29 12:07:48 --> Session: Class initialized using 'CodeIgniter\Session\Handlers\FileHandler' driver.
INFO - 2023-12-29 12:07:53 --> Session: Class initialized using 'CodeIgniter\Session\Handlers\FileHandler' driver.
INFO - 2023-12-29 12:08:03 --> Session: Class initialized using 'CodeIgniter\Session\Handlers\FileHandler' driver.
INFO - 2023-12-29 12:08:12 --> Session: Class initialized using 'CodeIgniter\Session\Handlers\FileHandler' driver.
INFO - 2023-12-29 12:08:14 --> Session: Class initialized using 'CodeIgniter\Session\Handlers\FileHandler' driver.
INFO - 2023-12-29 12:08:17 --> Session: Class initialized using 'CodeIgniter\Session\Handlers\FileHandler' driver.
INFO - 2023-12-29 12:08:33 --> Session: Class initialized using 'CodeIgniter\Session\Handlers\FileHandler' driver.
INFO - 2023-12-29 12:08:40 --> Session: Class initialized using 'CodeIgniter\Session\Handlers\FileHandler' driver.
INFO - 2023-12-29 12:08:40 --> Session: Class initialized using 'CodeIgniter\Session\Handlers\FileHandler' driver.
INFO - 2023-12-29 12:08:41 --> Session: Class initialized using 'CodeIgniter\Session\Handlers\FileHandler' driver.
INFO - 2023-12-29 12:08:42 --> Session: Class initialized using 'CodeIgniter\Session\Handlers\FileHandler' driver.
INFO - 2023-12-29 12:08:44 --> Session: Class initialized using 'CodeIgniter\Session\Handlers\FileHandler' driver.
INFO - 2023-12-29 12:09:08 --> Session: Class initialized using 'CodeIgniter\Session\Handlers\FileHandler' driver.
INFO - 2023-12-29 12:09:19 --> Session: Class initialized using 'CodeIgniter\Session\Handlers\FileHandler' driver.
INFO - 2023-12-29 12:09:39 --> Session: Class initialized using 'CodeIgniter\Session\Handlers\FileHandler' driver.
INFO - 2023-12-29 12:09:45 --> Session: Class initialized using 'CodeIgniter\Session\Handlers\FileHandler' driver.
INFO - 2023-12-29 12:09:56 --> Session: Class initialized using 'CodeIgniter\Session\Handlers\FileHandler' driver.
INFO - 2023-12-29 12:13:33 --> Session: Class initialized using 'CodeIgniter\Session\Handlers\FileHandler' driver.
CRITICAL - 2023-12-29 12:13:33 --> syntax error, unexpected token "}", expecting "," or ";"
in APPPATH\Views\trabajador.php on line 45.
 1 SYSTEMPATH\View\View.php(231): CodeIgniter\View\View->CodeIgniter\View\{closure}()
 2 SYSTEMPATH\Common.php(1190): CodeIgniter\View\View->render('trabajador', [], true)
 3 APPPATH\Controllers\Home.php(137): view('trabajador', [...])
 4 SYSTEMPATH\CodeIgniter.php(942): App\Controllers\Home->entrar()
 5 SYSTEMPATH\CodeIgniter.php(502): CodeIgniter\CodeIgniter->runController(Object(App\Controllers\Home))
 6 SYSTEMPATH\CodeIgniter.php(361): CodeIgniter\CodeIgniter->handleRequest(null, Object(Config\Cache), false)
 7 FCPATH\index.php(79): CodeIgniter\CodeIgniter->run()
INFO - 2023-12-29 12:13:44 --> Session: Class initialized using 'CodeIgniter\Session\Handlers\FileHandler' driver.
INFO - 2023-12-29 12:22:39 --> Session: Class initialized using 'CodeIgniter\Session\Handlers\FileHandler' driver.
CRITICAL - 2023-12-29 12:22:39 --> Call to undefined function App\Models\conectarDB()
in APPPATH\Models\MiModelo.php on line 181.
 1 APPPATH\Controllers\Home.php(133): App\Models\MiModelo->opcionesSalida()
 2 SYSTEMPATH\CodeIgniter.php(942): App\Controllers\Home->entrar()
 3 SYSTEMPATH\CodeIgniter.php(502): CodeIgniter\CodeIgniter->runController(Object(App\Controllers\Home))
 4 SYSTEMPATH\CodeIgniter.php(361): CodeIgniter\CodeIgniter->handleRequest(null, Object(Config\Cache), false)
 5 FCPATH\index.php(79): CodeIgniter\CodeIgniter->run()
INFO - 2023-12-29 12:22:49 --> Session: Class initialized using 'CodeIgniter\Session\Handlers\FileHandler' driver.
INFO - 2023-12-29 12:23:38 --> Session: Class initialized using 'CodeIgniter\Session\Handlers\FileHandler' driver.
INFO - 2023-12-29 12:24:02 --> Session: Class initialized using 'CodeIgniter\Session\Handlers\FileHandler' driver.
CRITICAL - 2023-12-29 12:24:02 --> Array to string conversion
in APPPATH\Views\trabajador.php on line 43.
 1 APPPATH\Views\trabajador.php(43): CodeIgniter\Debug\Exceptions->errorHandler(2, 'Array to string conversion', 'C:\\Users\\jorge\\OneDrive - Educacyl\\DAW2\\Desarrollo Web en Entorno Servidor\\proyectoASIR\\codeigniter\\app\\Views\\trabajador.php', 43)
 2 SYSTEMPATH\View\View.php(228): include('C:\\Users\\jorge\\OneDrive - Educacyl\\DAW2\\Desarrollo Web en Entorno Servidor\\proyectoASIR\\codeigniter\\app\\Views\\trabajador.php')
 3 SYSTEMPATH\View\View.php(231): CodeIgniter\View\View->CodeIgniter\View\{closure}()
 4 SYSTEMPATH\Common.php(1190): CodeIgniter\View\View->render('trabajador', [], true)
 5 APPPATH\Controllers\Home.php(138): view('trabajador', [...])
 6 SYSTEMPATH\CodeIgniter.php(942): App\Controllers\Home->entrar()
 7 SYSTEMPATH\CodeIgniter.php(502): CodeIgniter\CodeIgniter->runController(Object(App\Controllers\Home))
 8 SYSTEMPATH\CodeIgniter.php(361): CodeIgniter\CodeIgniter->handleRequest(null, Object(Config\Cache), false)
 9 FCPATH\index.php(79): CodeIgniter\CodeIgniter->run()
INFO - 2023-12-29 12:24:20 --> Session: Class initialized using 'CodeIgniter\Session\Handlers\FileHandler' driver.
INFO - 2023-12-29 12:24:48 --> Session: Class initialized using 'CodeIgniter\Session\Handlers\FileHandler' driver.
INFO - 2023-12-29 12:25:06 --> Session: Class initialized using 'CodeIgniter\Session\Handlers\FileHandler' driver.
INFO - 2023-12-29 12:35:50 --> Session: Class initialized using 'CodeIgniter\Session\Handlers\FileHandler' driver.
INFO - 2023-12-29 12:37:18 --> Session: Class initialized using 'CodeIgniter\Session\Handlers\FileHandler' driver.
CRITICAL - 2023-12-29 12:37:18 --> Cannot use object of type stdClass as array
in APPPATH\Models\MiModelo.php on line 191.
 1 APPPATH\Controllers\Home.php(134): App\Models\MiModelo->verHoras('2')
 2 SYSTEMPATH\CodeIgniter.php(942): App\Controllers\Home->entrar()
 3 SYSTEMPATH\CodeIgniter.php(502): CodeIgniter\CodeIgniter->runController(Object(App\Controllers\Home))
 4 SYSTEMPATH\CodeIgniter.php(361): CodeIgniter\CodeIgniter->handleRequest(null, Object(Config\Cache), false)
 5 FCPATH\index.php(79): CodeIgniter\CodeIgniter->run()
INFO - 2023-12-29 12:38:10 --> Session: Class initialized using 'CodeIgniter\Session\Handlers\FileHandler' driver.
CRITICAL - 2023-12-29 12:38:10 --> Cannot use object of type stdClass as array
in APPPATH\Models\MiModelo.php on line 191.
 1 APPPATH\Controllers\Home.php(134): App\Models\MiModelo->verHoras('2')
 2 SYSTEMPATH\CodeIgniter.php(942): App\Controllers\Home->entrar()
 3 SYSTEMPATH\CodeIgniter.php(502): CodeIgniter\CodeIgniter->runController(Object(App\Controllers\Home))
 4 SYSTEMPATH\CodeIgniter.php(361): CodeIgniter\CodeIgniter->handleRequest(null, Object(Config\Cache), false)
 5 FCPATH\index.php(79): CodeIgniter\CodeIgniter->run()
INFO - 2023-12-29 12:38:11 --> Session: Class initialized using 'CodeIgniter\Session\Handlers\FileHandler' driver.
CRITICAL - 2023-12-29 12:38:11 --> Cannot use object of type stdClass as array
in APPPATH\Models\MiModelo.php on line 191.
 1 APPPATH\Controllers\Home.php(134): App\Models\MiModelo->verHoras('2')
 2 SYSTEMPATH\CodeIgniter.php(942): App\Controllers\Home->entrar()
 3 SYSTEMPATH\CodeIgniter.php(502): CodeIgniter\CodeIgniter->runController(Object(App\Controllers\Home))
 4 SYSTEMPATH\CodeIgniter.php(361): CodeIgniter\CodeIgniter->handleRequest(null, Object(Config\Cache), false)
 5 FCPATH\index.php(79): CodeIgniter\CodeIgniter->run()
INFO - 2023-12-29 12:38:12 --> Session: Class initialized using 'CodeIgniter\Session\Handlers\FileHandler' driver.
CRITICAL - 2023-12-29 12:38:12 --> Cannot use object of type stdClass as array
in APPPATH\Models\MiModelo.php on line 191.
 1 APPPATH\Controllers\Home.php(134): App\Models\MiModelo->verHoras('2')
 2 SYSTEMPATH\CodeIgniter.php(942): App\Controllers\Home->entrar()
 3 SYSTEMPATH\CodeIgniter.php(502): CodeIgniter\CodeIgniter->runController(Object(App\Controllers\Home))
 4 SYSTEMPATH\CodeIgniter.php(361): CodeIgniter\CodeIgniter->handleRequest(null, Object(Config\Cache), false)
 5 FCPATH\index.php(79): CodeIgniter\CodeIgniter->run()
INFO - 2023-12-29 12:38:14 --> Session: Class initialized using 'CodeIgniter\Session\Handlers\FileHandler' driver.
CRITICAL - 2023-12-29 12:38:14 --> Cannot use object of type stdClass as array
in APPPATH\Models\MiModelo.php on line 191.
 1 APPPATH\Controllers\Home.php(134): App\Models\MiModelo->verHoras('2')
 2 SYSTEMPATH\CodeIgniter.php(942): App\Controllers\Home->entrar()
 3 SYSTEMPATH\CodeIgniter.php(502): CodeIgniter\CodeIgniter->runController(Object(App\Controllers\Home))
 4 SYSTEMPATH\CodeIgniter.php(361): CodeIgniter\CodeIgniter->handleRequest(null, Object(Config\Cache), false)
 5 FCPATH\index.php(79): CodeIgniter\CodeIgniter->run()
INFO - 2023-12-29 12:41:10 --> Session: Class initialized using 'CodeIgniter\Session\Handlers\FileHandler' driver.
INFO - 2023-12-29 12:43:15 --> Session: Class initialized using 'CodeIgniter\Session\Handlers\FileHandler' driver.
INFO - 2023-12-29 12:43:17 --> Session: Class initialized using 'CodeIgniter\Session\Handlers\FileHandler' driver.
INFO - 2023-12-29 12:45:16 --> Session: Class initialized using 'CodeIgniter\Session\Handlers\FileHandler' driver.
INFO - 2023-12-29 12:45:16 --> Session: Class initialized using 'CodeIgniter\Session\Handlers\FileHandler' driver.
INFO - 2023-12-29 12:45:21 --> Session: Class initialized using 'CodeIgniter\Session\Handlers\FileHandler' driver.
INFO - 2023-12-29 12:45:22 --> Session: Class initialized using 'CodeIgniter\Session\Handlers\FileHandler' driver.
INFO - 2023-12-29 12:45:25 --> Session: Class initialized using 'CodeIgniter\Session\Handlers\FileHandler' driver.
INFO - 2023-12-29 12:45:26 --> Session: Class initialized using 'CodeIgniter\Session\Handlers\FileHandler' driver.
INFO - 2023-12-29 12:45:27 --> Session: Class initialized using 'CodeIgniter\Session\Handlers\FileHandler' driver.
INFO - 2023-12-29 12:45:53 --> Session: Class initialized using 'CodeIgniter\Session\Handlers\FileHandler' driver.
INFO - 2023-12-29 12:45:55 --> Session: Class initialized using 'CodeIgniter\Session\Handlers\FileHandler' driver.
INFO - 2023-12-29 12:45:56 --> Session: Class initialized using 'CodeIgniter\Session\Handlers\FileHandler' driver.
INFO - 2023-12-29 12:45:59 --> Session: Class initialized using 'CodeIgniter\Session\Handlers\FileHandler' driver.
INFO - 2023-12-29 12:46:04 --> Session: Class initialized using 'CodeIgniter\Session\Handlers\FileHandler' driver.
INFO - 2023-12-29 12:57:03 --> Session: Class initialized using 'CodeIgniter\Session\Handlers\FileHandler' driver.
INFO - 2023-12-29 13:05:20 --> Session: Class initialized using 'CodeIgniter\Session\Handlers\FileHandler' driver.
INFO - 2023-12-29 13:05:28 --> Session: Class initialized using 'CodeIgniter\Session\Handlers\FileHandler' driver.
INFO - 2023-12-29 13:05:36 --> Session: Class initialized using 'CodeIgniter\Session\Handlers\FileHandler' driver.
INFO - 2023-12-29 13:05:39 --> Session: Class initialized using 'CodeIgniter\Session\Handlers\FileHandler' driver.
INFO - 2023-12-29 13:05:40 --> Session: Class initialized using 'CodeIgniter\Session\Handlers\FileHandler' driver.
INFO - 2023-12-29 13:05:43 --> Session: Class initialized using 'CodeIgniter\Session\Handlers\FileHandler' driver.
INFO - 2023-12-29 13:05:44 --> Session: Class initialized using 'CodeIgniter\Session\Handlers\FileHandler' driver.
INFO - 2023-12-29 13:05:45 --> Session: Class initialized using 'CodeIgniter\Session\Handlers\FileHandler' driver.
INFO - 2023-12-29 13:05:46 --> Session: Class initialized using 'CodeIgniter\Session\Handlers\FileHandler' driver.
INFO - 2023-12-29 13:05:47 --> Session: Class initialized using 'CodeIgniter\Session\Handlers\FileHandler' driver.
INFO - 2023-12-29 13:05:48 --> Session: Class initialized using 'CodeIgniter\Session\Handlers\FileHandler' driver.
INFO - 2023-12-29 13:05:52 --> Session: Class initialized using 'CodeIgniter\Session\Handlers\FileHandler' driver.
INFO - 2023-12-29 13:05:53 --> Session: Class initialized using 'CodeIgniter\Session\Handlers\FileHandler' driver.
INFO - 2023-12-29 13:05:54 --> Session: Class initialized using 'CodeIgniter\Session\Handlers\FileHandler' driver.
INFO - 2023-12-29 13:05:55 --> Session: Class initialized using 'CodeIgniter\Session\Handlers\FileHandler' driver.
INFO - 2023-12-29 13:06:06 --> Session: Class initialized using 'CodeIgniter\Session\Handlers\FileHandler' driver.
INFO - 2023-12-29 13:06:10 --> Session: Class initialized using 'CodeIgniter\Session\Handlers\FileHandler' driver.
INFO - 2023-12-29 13:06:19 --> Session: Class initialized using 'CodeIgniter\Session\Handlers\FileHandler' driver.
INFO - 2023-12-29 13:06:20 --> Session: Class initialized using 'CodeIgniter\Session\Handlers\FileHandler' driver.
INFO - 2023-12-29 13:08:15 --> Session: Class initialized using 'CodeIgniter\Session\Handlers\FileHandler' driver.
INFO - 2023-12-29 13:08:17 --> Session: Class initialized using 'CodeIgniter\Session\Handlers\FileHandler' driver.
INFO - 2023-12-29 13:08:21 --> Session: Class initialized using 'CodeIgniter\Session\Handlers\FileHandler' driver.
INFO - 2023-12-29 13:12:25 --> Session: Class initialized using 'CodeIgniter\Session\Handlers\FileHandler' driver.
INFO - 2023-12-29 13:12:34 --> Session: Class initialized using 'CodeIgniter\Session\Handlers\FileHandler' driver.
INFO - 2023-12-29 13:12:35 --> Session: Class initialized using 'CodeIgniter\Session\Handlers\FileHandler' driver.
INFO - 2023-12-29 13:12:43 --> Session: Class initialized using 'CodeIgniter\Session\Handlers\FileHandler' driver.
INFO - 2023-12-29 13:24:09 --> Session: Class initialized using 'CodeIgniter\Session\Handlers\FileHandler' driver.
INFO - 2023-12-29 13:24:21 --> Session: Class initialized using 'CodeIgniter\Session\Handlers\FileHandler' driver.
INFO - 2023-12-29 13:24:26 --> Session: Class initialized using 'CodeIgniter\Session\Handlers\FileHandler' driver.
INFO - 2023-12-29 13:24:28 --> Session: Class initialized using 'CodeIgniter\Session\Handlers\FileHandler' driver.
INFO - 2023-12-29 13:24:38 --> Session: Class initialized using 'CodeIgniter\Session\Handlers\FileHandler' driver.
INFO - 2023-12-29 13:24:48 --> Session: Class initialized using 'CodeIgniter\Session\Handlers\FileHandler' driver.
INFO - 2023-12-29 13:24:52 --> Session: Class initialized using 'CodeIgniter\Session\Handlers\FileHandler' driver.
INFO - 2023-12-29 13:25:07 --> Session: Class initialized using 'CodeIgniter\Session\Handlers\FileHandler' driver.
INFO - 2023-12-29 13:25:09 --> Session: Class initialized using 'CodeIgniter\Session\Handlers\FileHandler' driver.
INFO - 2023-12-29 13:25:17 --> Session: Class initialized using 'CodeIgniter\Session\Handlers\FileHandler' driver.
INFO - 2023-12-29 13:25:19 --> Session: Class initialized using 'CodeIgniter\Session\Handlers\FileHandler' driver.
INFO - 2023-12-29 13:25:21 --> Session: Class initialized using 'CodeIgniter\Session\Handlers\FileHandler' driver.
INFO - 2023-12-29 13:25:23 --> Session: Class initialized using 'CodeIgniter\Session\Handlers\FileHandler' driver.
INFO - 2023-12-29 13:25:24 --> Session: Class initialized using 'CodeIgniter\Session\Handlers\FileHandler' driver.
INFO - 2023-12-29 13:25:25 --> Session: Class initialized using 'CodeIgniter\Session\Handlers\FileHandler' driver.
INFO - 2023-12-29 13:25:27 --> Session: Class initialized using 'CodeIgniter\Session\Handlers\FileHandler' driver.
INFO - 2023-12-29 13:25:28 --> Session: Class initialized using 'CodeIgniter\Session\Handlers\FileHandler' driver.
INFO - 2023-12-29 13:25:30 --> Session: Class initialized using 'CodeIgniter\Session\Handlers\FileHandler' driver.
INFO - 2023-12-29 13:25:31 --> Session: Class initialized using 'CodeIgniter\Session\Handlers\FileHandler' driver.
INFO - 2023-12-29 13:25:32 --> Session: Class initialized using 'CodeIgniter\Session\Handlers\FileHandler' driver.
INFO - 2023-12-29 13:25:57 --> Session: Class initialized using 'CodeIgniter\Session\Handlers\FileHandler' driver.
INFO - 2023-12-29 18:24:26 --> Session: Class initialized using 'CodeIgniter\Session\Handlers\FileHandler' driver.
INFO - 2023-12-29 18:24:41 --> Session: Class initialized using 'CodeIgniter\Session\Handlers\FileHandler' driver.
INFO - 2023-12-29 18:24:44 --> Session: Class initialized using 'CodeIgniter\Session\Handlers\FileHandler' driver.
ERROR - 2023-12-29 18:24:44 --> mysqli_sql_exception: Cannot add or update a child row: a foreign key constraint fails (`navalenofc`.`fichaje`, CONSTRAINT `fichaje_ibfk_1` FOREIGN KEY (`id_usuario`) REFERENCES `empleado` (`EmpleadoID`)) in C:\Users\jorge\OneDrive - Educacyl\DAW2\Desarrollo Web en Entorno Servidor\proyectoASIR\codeigniter\system\Database\MySQLi\Connection.php:306
Stack trace:
#0 C:\Users\jorge\OneDrive - Educacyl\DAW2\Desarrollo Web en Entorno Servidor\proyectoASIR\codeigniter\system\Database\MySQLi\Connection.php(306): mysqli->query('INSERT INTO fic...', 0)
#1 C:\Users\jorge\OneDrive - Educacyl\DAW2\Desarrollo Web en Entorno Servidor\proyectoASIR\codeigniter\system\Database\BaseConnection.php(693): CodeIgniter\Database\MySQLi\Connection->execute('INSERT INTO fic...')
#2 C:\Users\jorge\OneDrive - Educacyl\DAW2\Desarrollo Web en Entorno Servidor\proyectoASIR\codeigniter\system\Database\BaseConnection.php(607): CodeIgniter\Database\BaseConnection->simpleQuery('INSERT INTO fic...')
#3 C:\Users\jorge\OneDrive - Educacyl\DAW2\Desarrollo Web en Entorno Servidor\proyectoASIR\codeigniter\app\Models\MiModelo.php(197): CodeIgniter\Database\BaseConnection->query('INSERT INTO fic...')
#4 C:\Users\jorge\OneDrive - Educacyl\DAW2\Desarrollo Web en Entorno Servidor\proyectoASIR\codeigniter\app\Controllers\Home.php(172): App\Models\MiModelo->insertarEntrada('2')
#5 C:\Users\jorge\OneDrive - Educacyl\DAW2\Desarrollo Web en Entorno Servidor\proyectoASIR\codeigniter\system\CodeIgniter.php(942): App\Controllers\Home->registroFichaje()
#6 C:\Users\jorge\OneDrive - Educacyl\DAW2\Desarrollo Web en Entorno Servidor\proyectoASIR\codeigniter\system\CodeIgniter.php(502): CodeIgniter\CodeIgniter->runController(Object(App\Controllers\Home))
#7 C:\Users\jorge\OneDrive - Educacyl\DAW2\Desarrollo Web en Entorno Servidor\proyectoASIR\codeigniter\system\CodeIgniter.php(361): CodeIgniter\CodeIgniter->handleRequest(NULL, Object(Config\Cache), false)
#8 C:\Users\jorge\OneDrive - Educacyl\DAW2\Desarrollo Web en Entorno Servidor\proyectoASIR\codeigniter\public\index.php(79): CodeIgniter\CodeIgniter->run()
#9 {main}
CRITICAL - 2023-12-29 18:24:44 --> Cannot add or update a child row: a foreign key constraint fails (`navalenofc`.`fichaje`, CONSTRAINT `fichaje_ibfk_1` FOREIGN KEY (`id_usuario`) REFERENCES `empleado` (`EmpleadoID`))
in SYSTEMPATH\Database\BaseConnection.php on line 647.
 1 APPPATH\Models\MiModelo.php(197): CodeIgniter\Database\BaseConnection->query('INSERT INTO fichaje (FichajeID, id_usuario, FechaEntrada, FechaSalida, InicioPausa, FinPausa, TipoSalida, Estado) VALUES (NULL, 2, NOW(), NULL, NULL, NULL, NULL, NULL);')
 2 APPPATH\Controllers\Home.php(172): App\Models\MiModelo->insertarEntrada('2')
 3 SYSTEMPATH\CodeIgniter.php(942): App\Controllers\Home->registroFichaje()
 4 SYSTEMPATH\CodeIgniter.php(502): CodeIgniter\CodeIgniter->runController(Object(App\Controllers\Home))
 5 SYSTEMPATH\CodeIgniter.php(361): CodeIgniter\CodeIgniter->handleRequest(null, Object(Config\Cache), false)
 6 FCPATH\index.php(79): CodeIgniter\CodeIgniter->run()
INFO - 2023-12-29 18:27:01 --> Session: Class initialized using 'CodeIgniter\Session\Handlers\FileHandler' driver.
INFO - 2023-12-29 18:27:03 --> Session: Class initialized using 'CodeIgniter\Session\Handlers\FileHandler' driver.
INFO - 2023-12-29 18:27:10 --> Session: Class initialized using 'CodeIgniter\Session\Handlers\FileHandler' driver.
INFO - 2023-12-29 18:28:10 --> Session: Class initialized using 'CodeIgniter\Session\Handlers\FileHandler' driver.
INFO - 2023-12-29 18:28:37 --> Session: Class initialized using 'CodeIgniter\Session\Handlers\FileHandler' driver.
INFO - 2023-12-29 18:28:39 --> Session: Class initialized using 'CodeIgniter\Session\Handlers\FileHandler' driver.
CRITICAL - 2023-12-29 18:28:39 --> Undefined variable $queMostrar
in APPPATH\Views\trabajador.php on line 43.
 1 APPPATH\Views\trabajador.php(43): CodeIgniter\Debug\Exceptions->errorHandler(2, 'Undefined variable $queMostrar', 'C:\\Users\\jorge\\OneDrive - Educacyl\\DAW2\\Desarrollo Web en Entorno Servidor\\proyectoASIR\\codeigniter\\app\\Views\\trabajador.php', 43)
 2 SYSTEMPATH\View\View.php(228): include('C:\\Users\\jorge\\OneDrive - Educacyl\\DAW2\\Desarrollo Web en Entorno Servidor\\proyectoASIR\\codeigniter\\app\\Views\\trabajador.php')
 3 SYSTEMPATH\View\View.php(231): CodeIgniter\View\View->CodeIgniter\View\{closure}()
 4 SYSTEMPATH\Common.php(1190): CodeIgniter\View\View->render('trabajador', [], true)
 5 APPPATH\Controllers\Home.php(180): view('trabajador')
 6 SYSTEMPATH\CodeIgniter.php(942): App\Controllers\Home->registroFichaje()
 7 SYSTEMPATH\CodeIgniter.php(502): CodeIgniter\CodeIgniter->runController(Object(App\Controllers\Home))
 8 SYSTEMPATH\CodeIgniter.php(361): CodeIgniter\CodeIgniter->handleRequest(null, Object(Config\Cache), false)
 9 FCPATH\index.php(79): CodeIgniter\CodeIgniter->run()
INFO - 2023-12-29 18:30:20 --> Session: Class initialized using 'CodeIgniter\Session\Handlers\FileHandler' driver.
INFO - 2023-12-29 18:30:23 --> Session: Class initialized using 'CodeIgniter\Session\Handlers\FileHandler' driver.
INFO - 2023-12-29 18:30:26 --> Session: Class initialized using 'CodeIgniter\Session\Handlers\FileHandler' driver.
INFO - 2023-12-29 18:30:29 --> Session: Class initialized using 'CodeIgniter\Session\Handlers\FileHandler' driver.
INFO - 2023-12-29 18:30:32 --> Session: Class initialized using 'CodeIgniter\Session\Handlers\FileHandler' driver.
INFO - 2023-12-29 18:30:50 --> Session: Class initialized using 'CodeIgniter\Session\Handlers\FileHandler' driver.
INFO - 2023-12-29 18:30:52 --> Session: Class initialized using 'CodeIgniter\Session\Handlers\FileHandler' driver.
INFO - 2023-12-29 18:33:03 --> Session: Class initialized using 'CodeIgniter\Session\Handlers\FileHandler' driver.
INFO - 2023-12-29 18:33:12 --> Session: Class initialized using 'CodeIgniter\Session\Handlers\FileHandler' driver.
INFO - 2023-12-29 18:33:15 --> Session: Class initialized using 'CodeIgniter\Session\Handlers\FileHandler' driver.
INFO - 2023-12-29 18:33:33 --> Session: Class initialized using 'CodeIgniter\Session\Handlers\FileHandler' driver.
INFO - 2023-12-29 18:33:36 --> Session: Class initialized using 'CodeIgniter\Session\Handlers\FileHandler' driver.
INFO - 2023-12-29 18:33:54 --> Session: Class initialized using 'CodeIgniter\Session\Handlers\FileHandler' driver.
INFO - 2023-12-29 18:34:00 --> Session: Class initialized using 'CodeIgniter\Session\Handlers\FileHandler' driver.
INFO - 2023-12-29 18:34:26 --> Session: Class initialized using 'CodeIgniter\Session\Handlers\FileHandler' driver.
INFO - 2023-12-29 18:39:11 --> Session: Class initialized using 'CodeIgniter\Session\Handlers\FileHandler' driver.
INFO - 2023-12-29 18:39:22 --> Session: Class initialized using 'CodeIgniter\Session\Handlers\FileHandler' driver.
INFO - 2023-12-29 18:39:24 --> Session: Class initialized using 'CodeIgniter\Session\Handlers\FileHandler' driver.
INFO - 2023-12-29 18:39:26 --> Session: Class initialized using 'CodeIgniter\Session\Handlers\FileHandler' driver.
INFO - 2023-12-29 18:39:50 --> Session: Class initialized using 'CodeIgniter\Session\Handlers\FileHandler' driver.
INFO - 2023-12-29 18:39:53 --> Session: Class initialized using 'CodeIgniter\Session\Handlers\FileHandler' driver.
INFO - 2023-12-29 18:40:10 --> Session: Class initialized using 'CodeIgniter\Session\Handlers\FileHandler' driver.
INFO - 2023-12-29 18:41:47 --> Session: Class initialized using 'CodeIgniter\Session\Handlers\FileHandler' driver.
INFO - 2023-12-29 18:41:48 --> Session: Class initialized using 'CodeIgniter\Session\Handlers\FileHandler' driver.
INFO - 2023-12-29 18:41:51 --> Session: Class initialized using 'CodeIgniter\Session\Handlers\FileHandler' driver.
INFO - 2023-12-29 19:00:28 --> Session: Class initialized using 'CodeIgniter\Session\Handlers\FileHandler' driver.
INFO - 2023-12-29 19:00:31 --> Session: Class initialized using 'CodeIgniter\Session\Handlers\FileHandler' driver.
INFO - 2023-12-29 19:00:33 --> Session: Class initialized using 'CodeIgniter\Session\Handlers\FileHandler' driver.
INFO - 2023-12-29 19:04:33 --> Session: Class initialized using 'CodeIgniter\Session\Handlers\FileHandler' driver.
INFO - 2023-12-29 19:04:36 --> Session: Class initialized using 'CodeIgniter\Session\Handlers\FileHandler' driver.
INFO - 2023-12-29 19:04:55 --> Session: Class initialized using 'CodeIgniter\Session\Handlers\FileHandler' driver.
INFO - 2023-12-29 19:05:02 --> Session: Class initialized using 'CodeIgniter\Session\Handlers\FileHandler' driver.
INFO - 2023-12-29 19:05:09 --> Session: Class initialized using 'CodeIgniter\Session\Handlers\FileHandler' driver.
INFO - 2023-12-29 19:05:23 --> Session: Class initialized using 'CodeIgniter\Session\Handlers\FileHandler' driver.
INFO - 2023-12-29 19:05:26 --> Session: Class initialized using 'CodeIgniter\Session\Handlers\FileHandler' driver.
INFO - 2023-12-29 19:08:21 --> Session: Class initialized using 'CodeIgniter\Session\Handlers\FileHandler' driver.
INFO - 2023-12-29 19:08:31 --> Session: Class initialized using 'CodeIgniter\Session\Handlers\FileHandler' driver.
INFO - 2023-12-29 19:08:47 --> Session: Class initialized using 'CodeIgniter\Session\Handlers\FileHandler' driver.
INFO - 2023-12-29 19:09:01 --> Session: Class initialized using 'CodeIgniter\Session\Handlers\FileHandler' driver.
INFO - 2023-12-29 19:09:20 --> Session: Class initialized using 'CodeIgniter\Session\Handlers\FileHandler' driver.
INFO - 2023-12-29 19:09:25 --> Session: Class initialized using 'CodeIgniter\Session\Handlers\FileHandler' driver.
INFO - 2023-12-29 19:09:33 --> Session: Class initialized using 'CodeIgniter\Session\Handlers\FileHandler' driver.
INFO - 2023-12-29 19:10:06 --> Session: Class initialized using 'CodeIgniter\Session\Handlers\FileHandler' driver.
INFO - 2023-12-29 19:10:09 --> Session: Class initialized using 'CodeIgniter\Session\Handlers\FileHandler' driver.
INFO - 2023-12-29 19:11:40 --> Session: Class initialized using 'CodeIgniter\Session\Handlers\FileHandler' driver.
INFO - 2023-12-29 19:11:49 --> Session: Class initialized using 'CodeIgniter\Session\Handlers\FileHandler' driver.
INFO - 2023-12-29 19:12:34 --> Session: Class initialized using 'CodeIgniter\Session\Handlers\FileHandler' driver.
INFO - 2023-12-29 19:14:24 --> Session: Class initialized using 'CodeIgniter\Session\Handlers\FileHandler' driver.
INFO - 2023-12-29 19:14:29 --> Session: Class initialized using 'CodeIgniter\Session\Handlers\FileHandler' driver.
INFO - 2023-12-29 19:15:01 --> Session: Class initialized using 'CodeIgniter\Session\Handlers\FileHandler' driver.
INFO - 2023-12-29 19:15:12 --> Session: Class initialized using 'CodeIgniter\Session\Handlers\FileHandler' driver.
INFO - 2023-12-29 19:15:15 --> Session: Class initialized using 'CodeIgniter\Session\Handlers\FileHandler' driver.
INFO - 2023-12-29 19:31:01 --> Session: Class initialized using 'CodeIgniter\Session\Handlers\FileHandler' driver.
INFO - 2023-12-29 19:31:15 --> Session: Class initialized using 'CodeIgniter\Session\Handlers\FileHandler' driver.
INFO - 2023-12-29 19:43:47 --> Session: Class initialized using 'CodeIgniter\Session\Handlers\FileHandler' driver.
CRITICAL - 2023-12-29 19:43:47 --> Call to undefined function dimeNombreEmpleado()
in APPPATH\Views\responsable.php on line 34.
 1 SYSTEMPATH\View\View.php(228): include()
 2 SYSTEMPATH\View\View.php(231): CodeIgniter\View\View->CodeIgniter\View\{closure}()
 3 SYSTEMPATH\Common.php(1190): CodeIgniter\View\View->render('responsable', [], true)
 4 APPPATH\Controllers\Home.php(125): view('responsable')
 5 SYSTEMPATH\CodeIgniter.php(942): App\Controllers\Home->entrar()
 6 SYSTEMPATH\CodeIgniter.php(502): CodeIgniter\CodeIgniter->runController(Object(App\Controllers\Home))
 7 SYSTEMPATH\CodeIgniter.php(361): CodeIgniter\CodeIgniter->handleRequest(null, Object(Config\Cache), false)
 8 FCPATH\index.php(79): CodeIgniter\CodeIgniter->run()
INFO - 2023-12-29 19:53:43 --> Session: Class initialized using 'CodeIgniter\Session\Handlers\FileHandler' driver.
CRITICAL - 2023-12-29 19:53:43 --> Undefined variable $nombreUsuario
in APPPATH\Views\trabajador.php on line 30.
 1 APPPATH\Views\trabajador.php(30): CodeIgniter\Debug\Exceptions->errorHandler(2, 'Undefined variable $nombreUsuario', 'C:\\Users\\jorge\\OneDrive - Educacyl\\DAW2\\Desarrollo Web en Entorno Servidor\\proyectoASIR\\codeigniter\\app\\Views\\trabajador.php', 30)
 2 SYSTEMPATH\View\View.php(228): include('C:\\Users\\jorge\\OneDrive - Educacyl\\DAW2\\Desarrollo Web en Entorno Servidor\\proyectoASIR\\codeigniter\\app\\Views\\trabajador.php')
 3 SYSTEMPATH\View\View.php(231): CodeIgniter\View\View->CodeIgniter\View\{closure}()
 4 SYSTEMPATH\Common.php(1190): CodeIgniter\View\View->render('trabajador', [], true)
 5 APPPATH\Controllers\Home.php(139): view('trabajador', [...])
 6 SYSTEMPATH\CodeIgniter.php(942): App\Controllers\Home->entrar()
 7 SYSTEMPATH\CodeIgniter.php(502): CodeIgniter\CodeIgniter->runController(Object(App\Controllers\Home))
 8 SYSTEMPATH\CodeIgniter.php(361): CodeIgniter\CodeIgniter->handleRequest(null, Object(Config\Cache), false)
 9 FCPATH\index.php(79): CodeIgniter\CodeIgniter->run()
INFO - 2023-12-29 19:54:43 --> Session: Class initialized using 'CodeIgniter\Session\Handlers\FileHandler' driver.
INFO - 2023-12-29 19:54:46 --> Session: Class initialized using 'CodeIgniter\Session\Handlers\FileHandler' driver.
INFO - 2023-12-29 19:54:47 --> Session: Class initialized using 'CodeIgniter\Session\Handlers\FileHandler' driver.
INFO - 2023-12-29 19:55:32 --> Session: Class initialized using 'CodeIgniter\Session\Handlers\FileHandler' driver.
CRITICAL - 2023-12-29 19:55:32 --> Undefined variable $nombreUsuario
in APPPATH\Views\trabajador.php on line 30.
 1 APPPATH\Views\trabajador.php(30): CodeIgniter\Debug\Exceptions->errorHandler(2, 'Undefined variable $nombreUsuario', 'C:\\Users\\jorge\\OneDrive - Educacyl\\DAW2\\Desarrollo Web en Entorno Servidor\\proyectoASIR\\codeigniter\\app\\Views\\trabajador.php', 30)
 2 SYSTEMPATH\View\View.php(228): include('C:\\Users\\jorge\\OneDrive - Educacyl\\DAW2\\Desarrollo Web en Entorno Servidor\\proyectoASIR\\codeigniter\\app\\Views\\trabajador.php')
 3 SYSTEMPATH\View\View.php(231): CodeIgniter\View\View->CodeIgniter\View\{closure}()
 4 SYSTEMPATH\Common.php(1190): CodeIgniter\View\View->render('trabajador', [], true)
 5 APPPATH\Controllers\Home.php(140): view('trabajador', [...])
 6 SYSTEMPATH\CodeIgniter.php(942): App\Controllers\Home->entrar()
 7 SYSTEMPATH\CodeIgniter.php(502): CodeIgniter\CodeIgniter->runController(Object(App\Controllers\Home))
 8 SYSTEMPATH\CodeIgniter.php(361): CodeIgniter\CodeIgniter->handleRequest(null, Object(Config\Cache), false)
 9 FCPATH\index.php(79): CodeIgniter\CodeIgniter->run()
INFO - 2023-12-29 19:55:34 --> Session: Class initialized using 'CodeIgniter\Session\Handlers\FileHandler' driver.
CRITICAL - 2023-12-29 19:55:34 --> Undefined variable $nombreUsuario
in APPPATH\Views\trabajador.php on line 30.
 1 APPPATH\Views\trabajador.php(30): CodeIgniter\Debug\Exceptions->errorHandler(2, 'Undefined variable $nombreUsuario', 'C:\\Users\\jorge\\OneDrive - Educacyl\\DAW2\\Desarrollo Web en Entorno Servidor\\proyectoASIR\\codeigniter\\app\\Views\\trabajador.php', 30)
 2 SYSTEMPATH\View\View.php(228): include('C:\\Users\\jorge\\OneDrive - Educacyl\\DAW2\\Desarrollo Web en Entorno Servidor\\proyectoASIR\\codeigniter\\app\\Views\\trabajador.php')
 3 SYSTEMPATH\View\View.php(231): CodeIgniter\View\View->CodeIgniter\View\{closure}()
 4 SYSTEMPATH\Common.php(1190): CodeIgniter\View\View->render('trabajador', [], true)
 5 APPPATH\Controllers\Home.php(140): view('trabajador', [...])
 6 SYSTEMPATH\CodeIgniter.php(942): App\Controllers\Home->entrar()
 7 SYSTEMPATH\CodeIgniter.php(502): CodeIgniter\CodeIgniter->runController(Object(App\Controllers\Home))
 8 SYSTEMPATH\CodeIgniter.php(361): CodeIgniter\CodeIgniter->handleRequest(null, Object(Config\Cache), false)
 9 FCPATH\index.php(79): CodeIgniter\CodeIgniter->run()
INFO - 2023-12-29 19:55:48 --> Session: Class initialized using 'CodeIgniter\Session\Handlers\FileHandler' driver.
INFO - 2023-12-29 19:55:49 --> Session: Class initialized using 'CodeIgniter\Session\Handlers\FileHandler' driver.
INFO - 2023-12-29 19:56:00 --> Session: Class initialized using 'CodeIgniter\Session\Handlers\FileHandler' driver.
CRITICAL - 2023-12-29 19:56:00 --> Undefined variable $nombreUsuario
in APPPATH\Views\trabajador.php on line 30.
 1 APPPATH\Views\trabajador.php(30): CodeIgniter\Debug\Exceptions->errorHandler(2, 'Undefined variable $nombreUsuario', 'C:\\Users\\jorge\\OneDrive - Educacyl\\DAW2\\Desarrollo Web en Entorno Servidor\\proyectoASIR\\codeigniter\\app\\Views\\trabajador.php', 30)
 2 SYSTEMPATH\View\View.php(228): include('C:\\Users\\jorge\\OneDrive - Educacyl\\DAW2\\Desarrollo Web en Entorno Servidor\\proyectoASIR\\codeigniter\\app\\Views\\trabajador.php')
 3 SYSTEMPATH\View\View.php(231): CodeIgniter\View\View->CodeIgniter\View\{closure}()
 4 SYSTEMPATH\Common.php(1190): CodeIgniter\View\View->render('trabajador', [], true)
 5 APPPATH\Controllers\Home.php(140): view('trabajador', [...])
 6 SYSTEMPATH\CodeIgniter.php(942): App\Controllers\Home->entrar()
 7 SYSTEMPATH\CodeIgniter.php(502): CodeIgniter\CodeIgniter->runController(Object(App\Controllers\Home))
 8 SYSTEMPATH\CodeIgniter.php(361): CodeIgniter\CodeIgniter->handleRequest(null, Object(Config\Cache), false)
 9 FCPATH\index.php(79): CodeIgniter\CodeIgniter->run()
INFO - 2023-12-29 19:56:37 --> Session: Class initialized using 'CodeIgniter\Session\Handlers\FileHandler' driver.
CRITICAL - 2023-12-29 19:56:37 --> Undefined variable $nombreUsuario
in APPPATH\Views\trabajador.php on line 30.
 1 APPPATH\Views\trabajador.php(30): CodeIgniter\Debug\Exceptions->errorHandler(2, 'Undefined variable $nombreUsuario', 'C:\\Users\\jorge\\OneDrive - Educacyl\\DAW2\\Desarrollo Web en Entorno Servidor\\proyectoASIR\\codeigniter\\app\\Views\\trabajador.php', 30)
 2 SYSTEMPATH\View\View.php(228): include('C:\\Users\\jorge\\OneDrive - Educacyl\\DAW2\\Desarrollo Web en Entorno Servidor\\proyectoASIR\\codeigniter\\app\\Views\\trabajador.php')
 3 SYSTEMPATH\View\View.php(231): CodeIgniter\View\View->CodeIgniter\View\{closure}()
 4 SYSTEMPATH\Common.php(1190): CodeIgniter\View\View->render('trabajador', [], true)
 5 APPPATH\Controllers\Home.php(139): view('trabajador', [...])
 6 SYSTEMPATH\CodeIgniter.php(942): App\Controllers\Home->entrar()
 7 SYSTEMPATH\CodeIgniter.php(502): CodeIgniter\CodeIgniter->runController(Object(App\Controllers\Home))
 8 SYSTEMPATH\CodeIgniter.php(361): CodeIgniter\CodeIgniter->handleRequest(null, Object(Config\Cache), false)
 9 FCPATH\index.php(79): CodeIgniter\CodeIgniter->run()
INFO - 2023-12-29 19:56:48 --> Session: Class initialized using 'CodeIgniter\Session\Handlers\FileHandler' driver.
CRITICAL - 2023-12-29 19:56:48 --> Undefined variable $nombreUsuario
in APPPATH\Views\trabajador.php on line 30.
 1 APPPATH\Views\trabajador.php(30): CodeIgniter\Debug\Exceptions->errorHandler(2, 'Undefined variable $nombreUsuario', 'C:\\Users\\jorge\\OneDrive - Educacyl\\DAW2\\Desarrollo Web en Entorno Servidor\\proyectoASIR\\codeigniter\\app\\Views\\trabajador.php', 30)
 2 SYSTEMPATH\View\View.php(228): include('C:\\Users\\jorge\\OneDrive - Educacyl\\DAW2\\Desarrollo Web en Entorno Servidor\\proyectoASIR\\codeigniter\\app\\Views\\trabajador.php')
 3 SYSTEMPATH\View\View.php(231): CodeIgniter\View\View->CodeIgniter\View\{closure}()
 4 SYSTEMPATH\Common.php(1190): CodeIgniter\View\View->render('trabajador', [], true)
 5 APPPATH\Controllers\Home.php(139): view('trabajador', [...])
 6 SYSTEMPATH\CodeIgniter.php(942): App\Controllers\Home->entrar()
 7 SYSTEMPATH\CodeIgniter.php(502): CodeIgniter\CodeIgniter->runController(Object(App\Controllers\Home))
 8 SYSTEMPATH\CodeIgniter.php(361): CodeIgniter\CodeIgniter->handleRequest(null, Object(Config\Cache), false)
 9 FCPATH\index.php(79): CodeIgniter\CodeIgniter->run()
CRITICAL - 2023-12-29 19:57:37 --> syntax error, unexpected token "}", expecting ";"
in APPPATH\Controllers\Home.php on line 142.
 1 SYSTEMPATH\Autoloader\Autoloader.php(291): CodeIgniter\Autoloader\Autoloader->includeFile('C:\\Users\\jorge\\OneDrive - Educacyl\\DAW2\\Desarrollo Web en Entorno Servidor\\proyectoASIR\\codeigniter\\app\\Controllers\\Home.php')
 2 SYSTEMPATH\Autoloader\Autoloader.php(269): CodeIgniter\Autoloader\Autoloader->loadInNamespace('App\\Controllers\\Home')
 3 [internal function]: CodeIgniter\Autoloader\Autoloader->loadClass('App\\Controllers\\Home')
 4 SYSTEMPATH\CodeIgniter.php(900): class_exists('\\App\\Controllers\\Home', true)
 5 SYSTEMPATH\CodeIgniter.php(489): CodeIgniter\CodeIgniter->startController()
 6 SYSTEMPATH\CodeIgniter.php(361): CodeIgniter\CodeIgniter->handleRequest(null, Object(Config\Cache), false)
 7 FCPATH\index.php(79): CodeIgniter\CodeIgniter->run()
CRITICAL - 2023-12-29 19:57:38 --> syntax error, unexpected token "}", expecting ";"
in APPPATH\Controllers\Home.php on line 142.
 1 SYSTEMPATH\Autoloader\Autoloader.php(291): CodeIgniter\Autoloader\Autoloader->includeFile('C:\\Users\\jorge\\OneDrive - Educacyl\\DAW2\\Desarrollo Web en Entorno Servidor\\proyectoASIR\\codeigniter\\app\\Controllers\\Home.php')
 2 SYSTEMPATH\Autoloader\Autoloader.php(269): CodeIgniter\Autoloader\Autoloader->loadInNamespace('App\\Controllers\\Home')
 3 [internal function]: CodeIgniter\Autoloader\Autoloader->loadClass('App\\Controllers\\Home')
 4 SYSTEMPATH\CodeIgniter.php(900): class_exists('\\App\\Controllers\\Home', true)
 5 SYSTEMPATH\CodeIgniter.php(489): CodeIgniter\CodeIgniter->startController()
 6 SYSTEMPATH\CodeIgniter.php(361): CodeIgniter\CodeIgniter->handleRequest(null, Object(Config\Cache), false)
 7 FCPATH\index.php(79): CodeIgniter\CodeIgniter->run()
CRITICAL - 2023-12-29 19:57:39 --> syntax error, unexpected token "}", expecting ";"
in APPPATH\Controllers\Home.php on line 142.
 1 SYSTEMPATH\Autoloader\Autoloader.php(291): CodeIgniter\Autoloader\Autoloader->includeFile('C:\\Users\\jorge\\OneDrive - Educacyl\\DAW2\\Desarrollo Web en Entorno Servidor\\proyectoASIR\\codeigniter\\app\\Controllers\\Home.php')
 2 SYSTEMPATH\Autoloader\Autoloader.php(269): CodeIgniter\Autoloader\Autoloader->loadInNamespace('App\\Controllers\\Home')
 3 [internal function]: CodeIgniter\Autoloader\Autoloader->loadClass('App\\Controllers\\Home')
 4 SYSTEMPATH\CodeIgniter.php(900): class_exists('\\App\\Controllers\\Home', true)
 5 SYSTEMPATH\CodeIgniter.php(489): CodeIgniter\CodeIgniter->startController()
 6 SYSTEMPATH\CodeIgniter.php(361): CodeIgniter\CodeIgniter->handleRequest(null, Object(Config\Cache), false)
 7 FCPATH\index.php(79): CodeIgniter\CodeIgniter->run()
CRITICAL - 2023-12-29 19:57:41 --> syntax error, unexpected token "}", expecting ";"
in APPPATH\Controllers\Home.php on line 142.
 1 SYSTEMPATH\Autoloader\Autoloader.php(291): CodeIgniter\Autoloader\Autoloader->includeFile('C:\\Users\\jorge\\OneDrive - Educacyl\\DAW2\\Desarrollo Web en Entorno Servidor\\proyectoASIR\\codeigniter\\app\\Controllers\\Home.php')
 2 SYSTEMPATH\Autoloader\Autoloader.php(269): CodeIgniter\Autoloader\Autoloader->loadInNamespace('App\\Controllers\\Home')
 3 [internal function]: CodeIgniter\Autoloader\Autoloader->loadClass('App\\Controllers\\Home')
 4 SYSTEMPATH\CodeIgniter.php(900): class_exists('\\App\\Controllers\\Home', true)
 5 SYSTEMPATH\CodeIgniter.php(489): CodeIgniter\CodeIgniter->startController()
 6 SYSTEMPATH\CodeIgniter.php(361): CodeIgniter\CodeIgniter->handleRequest(null, Object(Config\Cache), false)
 7 FCPATH\index.php(79): CodeIgniter\CodeIgniter->run()
CRITICAL - 2023-12-29 19:57:51 --> syntax error, unexpected token "}", expecting ";"
in APPPATH\Controllers\Home.php on line 143.
 1 SYSTEMPATH\Autoloader\Autoloader.php(291): CodeIgniter\Autoloader\Autoloader->includeFile('C:\\Users\\jorge\\OneDrive - Educacyl\\DAW2\\Desarrollo Web en Entorno Servidor\\proyectoASIR\\codeigniter\\app\\Controllers\\Home.php')
 2 SYSTEMPATH\Autoloader\Autoloader.php(269): CodeIgniter\Autoloader\Autoloader->loadInNamespace('App\\Controllers\\Home')
 3 [internal function]: CodeIgniter\Autoloader\Autoloader->loadClass('App\\Controllers\\Home')
 4 SYSTEMPATH\CodeIgniter.php(900): class_exists('\\App\\Controllers\\Home', true)
 5 SYSTEMPATH\CodeIgniter.php(489): CodeIgniter\CodeIgniter->startController()
 6 SYSTEMPATH\CodeIgniter.php(361): CodeIgniter\CodeIgniter->handleRequest(null, Object(Config\Cache), false)
 7 FCPATH\index.php(79): CodeIgniter\CodeIgniter->run()
CRITICAL - 2023-12-29 19:57:52 --> syntax error, unexpected token "}", expecting ";"
in APPPATH\Controllers\Home.php on line 143.
 1 SYSTEMPATH\Autoloader\Autoloader.php(291): CodeIgniter\Autoloader\Autoloader->includeFile('C:\\Users\\jorge\\OneDrive - Educacyl\\DAW2\\Desarrollo Web en Entorno Servidor\\proyectoASIR\\codeigniter\\app\\Controllers\\Home.php')
 2 SYSTEMPATH\Autoloader\Autoloader.php(269): CodeIgniter\Autoloader\Autoloader->loadInNamespace('App\\Controllers\\Home')
 3 [internal function]: CodeIgniter\Autoloader\Autoloader->loadClass('App\\Controllers\\Home')
 4 SYSTEMPATH\CodeIgniter.php(900): class_exists('\\App\\Controllers\\Home', true)
 5 SYSTEMPATH\CodeIgniter.php(489): CodeIgniter\CodeIgniter->startController()
 6 SYSTEMPATH\CodeIgniter.php(361): CodeIgniter\CodeIgniter->handleRequest(null, Object(Config\Cache), false)
 7 FCPATH\index.php(79): CodeIgniter\CodeIgniter->run()
CRITICAL - 2023-12-29 19:57:52 --> syntax error, unexpected token "}", expecting ";"
in APPPATH\Controllers\Home.php on line 143.
 1 SYSTEMPATH\Autoloader\Autoloader.php(291): CodeIgniter\Autoloader\Autoloader->includeFile('C:\\Users\\jorge\\OneDrive - Educacyl\\DAW2\\Desarrollo Web en Entorno Servidor\\proyectoASIR\\codeigniter\\app\\Controllers\\Home.php')
 2 SYSTEMPATH\Autoloader\Autoloader.php(269): CodeIgniter\Autoloader\Autoloader->loadInNamespace('App\\Controllers\\Home')
 3 [internal function]: CodeIgniter\Autoloader\Autoloader->loadClass('App\\Controllers\\Home')
 4 SYSTEMPATH\CodeIgniter.php(900): class_exists('\\App\\Controllers\\Home', true)
 5 SYSTEMPATH\CodeIgniter.php(489): CodeIgniter\CodeIgniter->startController()
 6 SYSTEMPATH\CodeIgniter.php(361): CodeIgniter\CodeIgniter->handleRequest(null, Object(Config\Cache), false)
 7 FCPATH\index.php(79): CodeIgniter\CodeIgniter->run()
CRITICAL - 2023-12-29 19:57:53 --> syntax error, unexpected token "}", expecting ";"
in APPPATH\Controllers\Home.php on line 143.
 1 SYSTEMPATH\Autoloader\Autoloader.php(291): CodeIgniter\Autoloader\Autoloader->includeFile('C:\\Users\\jorge\\OneDrive - Educacyl\\DAW2\\Desarrollo Web en Entorno Servidor\\proyectoASIR\\codeigniter\\app\\Controllers\\Home.php')
 2 SYSTEMPATH\Autoloader\Autoloader.php(269): CodeIgniter\Autoloader\Autoloader->loadInNamespace('App\\Controllers\\Home')
 3 [internal function]: CodeIgniter\Autoloader\Autoloader->loadClass('App\\Controllers\\Home')
 4 SYSTEMPATH\CodeIgniter.php(900): class_exists('\\App\\Controllers\\Home', true)
 5 SYSTEMPATH\CodeIgniter.php(489): CodeIgniter\CodeIgniter->startController()
 6 SYSTEMPATH\CodeIgniter.php(361): CodeIgniter\CodeIgniter->handleRequest(null, Object(Config\Cache), false)
 7 FCPATH\index.php(79): CodeIgniter\CodeIgniter->run()
INFO - 2023-12-29 19:57:59 --> Session: Class initialized using 'CodeIgniter\Session\Handlers\FileHandler' driver.
INFO - 2023-12-29 19:58:01 --> Session: Class initialized using 'CodeIgniter\Session\Handlers\FileHandler' driver.
INFO - 2023-12-29 19:58:06 --> Session: Class initialized using 'CodeIgniter\Session\Handlers\FileHandler' driver.
INFO - 2023-12-29 19:59:45 --> Session: Class initialized using 'CodeIgniter\Session\Handlers\FileHandler' driver.
INFO - 2023-12-29 20:02:30 --> Session: Class initialized using 'CodeIgniter\Session\Handlers\FileHandler' driver.
INFO - 2023-12-29 20:02:40 --> Session: Class initialized using 'CodeIgniter\Session\Handlers\FileHandler' driver.
CRITICAL - 2023-12-29 20:02:40 --> Call to undefined function empleadosfecha()
in APPPATH\Views\responsable.php on line 75.
 1 SYSTEMPATH\View\View.php(228): include()
 2 SYSTEMPATH\View\View.php(231): CodeIgniter\View\View->CodeIgniter\View\{closure}()
 3 SYSTEMPATH\Common.php(1190): CodeIgniter\View\View->render('responsable', [], true)
 4 APPPATH\Controllers\Home.php(125): view('responsable')
 5 SYSTEMPATH\CodeIgniter.php(942): App\Controllers\Home->entrar()
 6 SYSTEMPATH\CodeIgniter.php(502): CodeIgniter\CodeIgniter->runController(Object(App\Controllers\Home))
 7 SYSTEMPATH\CodeIgniter.php(361): CodeIgniter\CodeIgniter->handleRequest(null, Object(Config\Cache), false)
 8 FCPATH\index.php(79): CodeIgniter\CodeIgniter->run()
INFO - 2023-12-29 20:02:48 --> Session: Class initialized using 'CodeIgniter\Session\Handlers\FileHandler' driver.
INFO - 2023-12-29 20:03:18 --> Session: Class initialized using 'CodeIgniter\Session\Handlers\FileHandler' driver.
INFO - 2023-12-29 20:04:33 --> Session: Class initialized using 'CodeIgniter\Session\Handlers\FileHandler' driver.
INFO - 2023-12-29 20:04:35 --> Session: Class initialized using 'CodeIgniter\Session\Handlers\FileHandler' driver.
INFO - 2023-12-29 20:10:51 --> Session: Class initialized using 'CodeIgniter\Session\Handlers\FileHandler' driver.
INFO - 2023-12-29 20:11:29 --> Session: Class initialized using 'CodeIgniter\Session\Handlers\FileHandler' driver.
INFO - 2023-12-29 20:16:16 --> Session: Class initialized using 'CodeIgniter\Session\Handlers\FileHandler' driver.
INFO - 2023-12-29 20:16:48 --> Session: Class initialized using 'CodeIgniter\Session\Handlers\FileHandler' driver.
INFO - 2023-12-29 20:19:27 --> Session: Class initialized using 'CodeIgniter\Session\Handlers\FileHandler' driver.
INFO - 2023-12-29 20:20:29 --> Session: Class initialized using 'CodeIgniter\Session\Handlers\FileHandler' driver.
INFO - 2023-12-29 20:20:30 --> Session: Class initialized using 'CodeIgniter\Session\Handlers\FileHandler' driver.
INFO - 2023-12-29 20:20:37 --> Session: Class initialized using 'CodeIgniter\Session\Handlers\FileHandler' driver.
INFO - 2023-12-29 20:21:03 --> Session: Class initialized using 'CodeIgniter\Session\Handlers\FileHandler' driver.
INFO - 2023-12-29 20:21:05 --> Session: Class initialized using 'CodeIgniter\Session\Handlers\FileHandler' driver.
INFO - 2023-12-29 20:21:06 --> Session: Class initialized using 'CodeIgniter\Session\Handlers\FileHandler' driver.
INFO - 2023-12-29 20:21:06 --> Session: Class initialized using 'CodeIgniter\Session\Handlers\FileHandler' driver.
INFO - 2023-12-29 20:21:07 --> Session: Class initialized using 'CodeIgniter\Session\Handlers\FileHandler' driver.
INFO - 2023-12-29 20:21:07 --> Session: Class initialized using 'CodeIgniter\Session\Handlers\FileHandler' driver.
INFO - 2023-12-29 20:21:08 --> Session: Class initialized using 'CodeIgniter\Session\Handlers\FileHandler' driver.
INFO - 2023-12-29 20:21:09 --> Session: Class initialized using 'CodeIgniter\Session\Handlers\FileHandler' driver.
INFO - 2023-12-29 20:21:10 --> Session: Class initialized using 'CodeIgniter\Session\Handlers\FileHandler' driver.
INFO - 2023-12-29 20:39:27 --> Session: Class initialized using 'CodeIgniter\Session\Handlers\FileHandler' driver.
CRITICAL - 2023-12-29 20:39:27 --> Undefined variable $dia1
in APPPATH\Views\responsable.php on line 39.
 1 APPPATH\Views\responsable.php(39): CodeIgniter\Debug\Exceptions->errorHandler(2, 'Undefined variable $dia1', 'C:\\Users\\jorge\\OneDrive - Educacyl\\DAW2\\Desarrollo Web en Entorno Servidor\\proyectoASIR\\codeigniter\\app\\Views\\responsable.php', 39)
 2 SYSTEMPATH\View\View.php(228): include('C:\\Users\\jorge\\OneDrive - Educacyl\\DAW2\\Desarrollo Web en Entorno Servidor\\proyectoASIR\\codeigniter\\app\\Views\\responsable.php')
 3 SYSTEMPATH\View\View.php(231): CodeIgniter\View\View->CodeIgniter\View\{closure}()
 4 SYSTEMPATH\Common.php(1190): CodeIgniter\View\View->render('responsable', [], true)
 5 APPPATH\Controllers\Home.php(199): view('responsable')
 6 SYSTEMPATH\CodeIgniter.php(942): App\Controllers\Home->inicioResponsable()
 7 SYSTEMPATH\CodeIgniter.php(502): CodeIgniter\CodeIgniter->runController(Object(App\Controllers\Home))
 8 SYSTEMPATH\CodeIgniter.php(361): CodeIgniter\CodeIgniter->handleRequest(null, Object(Config\Cache), false)
 9 FCPATH\index.php(79): CodeIgniter\CodeIgniter->run()
INFO - 2023-12-29 20:40:33 --> Session: Class initialized using 'CodeIgniter\Session\Handlers\FileHandler' driver.
INFO - 2023-12-29 20:40:34 --> Session: Class initialized using 'CodeIgniter\Session\Handlers\FileHandler' driver.
INFO - 2023-12-29 20:40:37 --> Session: Class initialized using 'CodeIgniter\Session\Handlers\FileHandler' driver.
INFO - 2023-12-29 20:40:40 --> Session: Class initialized using 'CodeIgniter\Session\Handlers\FileHandler' driver.
INFO - 2023-12-29 20:40:56 --> Session: Class initialized using 'CodeIgniter\Session\Handlers\FileHandler' driver.
INFO - 2023-12-29 20:40:59 --> Session: Class initialized using 'CodeIgniter\Session\Handlers\FileHandler' driver.
INFO - 2023-12-29 20:41:02 --> Session: Class initialized using 'CodeIgniter\Session\Handlers\FileHandler' driver.
INFO - 2023-12-29 20:41:07 --> Session: Class initialized using 'CodeIgniter\Session\Handlers\FileHandler' driver.
INFO - 2023-12-29 20:41:59 --> Session: Class initialized using 'CodeIgniter\Session\Handlers\FileHandler' driver.
INFO - 2023-12-29 21:42:02 --> Session: Class initialized using 'CodeIgniter\Session\Handlers\FileHandler' driver.
CRITICAL - 2023-12-29 21:42:02 --> Undefined variable $empleadosFecha
in APPPATH\Views\responsable.php on line 66.
 1 APPPATH\Views\responsable.php(66): CodeIgniter\Debug\Exceptions->errorHandler(2, 'Undefined variable $empleadosFecha', 'C:\\Users\\jorge\\OneDrive - Educacyl\\DAW2\\Desarrollo Web en Entorno Servidor\\proyectoASIR\\codeigniter\\app\\Views\\responsable.php', 66)
 2 SYSTEMPATH\View\View.php(228): include('C:\\Users\\jorge\\OneDrive - Educacyl\\DAW2\\Desarrollo Web en Entorno Servidor\\proyectoASIR\\codeigniter\\app\\Views\\responsable.php')
 3 SYSTEMPATH\View\View.php(231): CodeIgniter\View\View->CodeIgniter\View\{closure}()
 4 SYSTEMPATH\Common.php(1190): CodeIgniter\View\View->render('responsable', [], true)
 5 APPPATH\Controllers\Home.php(214): view('responsable', [...])
 6 SYSTEMPATH\CodeIgniter.php(942): App\Controllers\Home->rangoFechas()
 7 SYSTEMPATH\CodeIgniter.php(502): CodeIgniter\CodeIgniter->runController(Object(App\Controllers\Home))
 8 SYSTEMPATH\CodeIgniter.php(361): CodeIgniter\CodeIgniter->handleRequest(null, Object(Config\Cache), false)
 9 FCPATH\index.php(79): CodeIgniter\CodeIgniter->run()
INFO - 2023-12-29 21:43:08 --> Session: Class initialized using 'CodeIgniter\Session\Handlers\FileHandler' driver.
CRITICAL - 2023-12-29 21:43:08 --> Undefined variable $valor
in APPPATH\Views\responsable.php on line 68.
 1 APPPATH\Views\responsable.php(68): CodeIgniter\Debug\Exceptions->errorHandler(2, 'Undefined variable $valor', 'C:\\Users\\jorge\\OneDrive - Educacyl\\DAW2\\Desarrollo Web en Entorno Servidor\\proyectoASIR\\codeigniter\\app\\Views\\responsable.php', 68)
 2 SYSTEMPATH\View\View.php(228): include('C:\\Users\\jorge\\OneDrive - Educacyl\\DAW2\\Desarrollo Web en Entorno Servidor\\proyectoASIR\\codeigniter\\app\\Views\\responsable.php')
 3 SYSTEMPATH\View\View.php(231): CodeIgniter\View\View->CodeIgniter\View\{closure}()
 4 SYSTEMPATH\Common.php(1190): CodeIgniter\View\View->render('responsable', [], true)
 5 APPPATH\Controllers\Home.php(215): view('responsable', [...])
 6 SYSTEMPATH\CodeIgniter.php(942): App\Controllers\Home->rangoFechas()
 7 SYSTEMPATH\CodeIgniter.php(502): CodeIgniter\CodeIgniter->runController(Object(App\Controllers\Home))
 8 SYSTEMPATH\CodeIgniter.php(361): CodeIgniter\CodeIgniter->handleRequest(null, Object(Config\Cache), false)
 9 FCPATH\index.php(79): CodeIgniter\CodeIgniter->run()
INFO - 2023-12-29 21:43:10 --> Session: Class initialized using 'CodeIgniter\Session\Handlers\FileHandler' driver.
CRITICAL - 2023-12-29 21:43:10 --> Undefined variable $valor
in APPPATH\Views\responsable.php on line 68.
 1 APPPATH\Views\responsable.php(68): CodeIgniter\Debug\Exceptions->errorHandler(2, 'Undefined variable $valor', 'C:\\Users\\jorge\\OneDrive - Educacyl\\DAW2\\Desarrollo Web en Entorno Servidor\\proyectoASIR\\codeigniter\\app\\Views\\responsable.php', 68)
 2 SYSTEMPATH\View\View.php(228): include('C:\\Users\\jorge\\OneDrive - Educacyl\\DAW2\\Desarrollo Web en Entorno Servidor\\proyectoASIR\\codeigniter\\app\\Views\\responsable.php')
 3 SYSTEMPATH\View\View.php(231): CodeIgniter\View\View->CodeIgniter\View\{closure}()
 4 SYSTEMPATH\Common.php(1190): CodeIgniter\View\View->render('responsable', [], true)
 5 APPPATH\Controllers\Home.php(215): view('responsable', [...])
 6 SYSTEMPATH\CodeIgniter.php(942): App\Controllers\Home->rangoFechas()
 7 SYSTEMPATH\CodeIgniter.php(502): CodeIgniter\CodeIgniter->runController(Object(App\Controllers\Home))
 8 SYSTEMPATH\CodeIgniter.php(361): CodeIgniter\CodeIgniter->handleRequest(null, Object(Config\Cache), false)
 9 FCPATH\index.php(79): CodeIgniter\CodeIgniter->run()
INFO - 2023-12-29 21:43:49 --> Session: Class initialized using 'CodeIgniter\Session\Handlers\FileHandler' driver.
INFO - 2023-12-29 21:44:10 --> Session: Class initialized using 'CodeIgniter\Session\Handlers\FileHandler' driver.
INFO - 2023-12-29 21:44:17 --> Session: Class initialized using 'CodeIgniter\Session\Handlers\FileHandler' driver.
INFO - 2023-12-29 21:44:18 --> Session: Class initialized using 'CodeIgniter\Session\Handlers\FileHandler' driver.
INFO - 2023-12-29 21:45:10 --> Session: Class initialized using 'CodeIgniter\Session\Handlers\FileHandler' driver.
INFO - 2023-12-29 21:45:11 --> Session: Class initialized using 'CodeIgniter\Session\Handlers\FileHandler' driver.
INFO - 2023-12-29 21:45:12 --> Session: Class initialized using 'CodeIgniter\Session\Handlers\FileHandler' driver.
INFO - 2023-12-29 21:45:13 --> Session: Class initialized using 'CodeIgniter\Session\Handlers\FileHandler' driver.
INFO - 2023-12-29 21:45:14 --> Session: Class initialized using 'CodeIgniter\Session\Handlers\FileHandler' driver.
INFO - 2023-12-29 21:45:14 --> Session: Class initialized using 'CodeIgniter\Session\Handlers\FileHandler' driver.
INFO - 2023-12-29 21:45:15 --> Session: Class initialized using 'CodeIgniter\Session\Handlers\FileHandler' driver.
INFO - 2023-12-29 21:45:16 --> Session: Class initialized using 'CodeIgniter\Session\Handlers\FileHandler' driver.
INFO - 2023-12-29 21:45:17 --> Session: Class initialized using 'CodeIgniter\Session\Handlers\FileHandler' driver.
INFO - 2023-12-29 21:46:52 --> Session: Class initialized using 'CodeIgniter\Session\Handlers\FileHandler' driver.
CRITICAL - 2023-12-29 21:46:52 --> Undefined variable $nombreUsuario
in APPPATH\Views\responsable.php on line 29.
 1 APPPATH\Views\responsable.php(29): CodeIgniter\Debug\Exceptions->errorHandler(2, 'Undefined variable $nombreUsuario', 'C:\\Users\\jorge\\OneDrive - Educacyl\\DAW2\\Desarrollo Web en Entorno Servidor\\proyectoASIR\\codeigniter\\app\\Views\\responsable.php', 29)
 2 SYSTEMPATH\View\View.php(228): include('C:\\Users\\jorge\\OneDrive - Educacyl\\DAW2\\Desarrollo Web en Entorno Servidor\\proyectoASIR\\codeigniter\\app\\Views\\responsable.php')
 3 SYSTEMPATH\View\View.php(231): CodeIgniter\View\View->CodeIgniter\View\{closure}()
 4 SYSTEMPATH\Common.php(1190): CodeIgniter\View\View->render('responsable', [], true)
 5 APPPATH\Controllers\Home.php(206): view('responsable', [...])
 6 SYSTEMPATH\CodeIgniter.php(942): App\Controllers\Home->inicioResponsable()
 7 SYSTEMPATH\CodeIgniter.php(502): CodeIgniter\CodeIgniter->runController(Object(App\Controllers\Home))
 8 SYSTEMPATH\CodeIgniter.php(361): CodeIgniter\CodeIgniter->handleRequest(null, Object(Config\Cache), false)
 9 FCPATH\index.php(79): CodeIgniter\CodeIgniter->run()
INFO - 2023-12-29 21:47:01 --> Session: Class initialized using 'CodeIgniter\Session\Handlers\FileHandler' driver.
INFO - 2023-12-29 21:47:06 --> Session: Class initialized using 'CodeIgniter\Session\Handlers\FileHandler' driver.
INFO - 2023-12-29 21:48:03 --> Session: Class initialized using 'CodeIgniter\Session\Handlers\FileHandler' driver.
INFO - 2023-12-29 21:48:04 --> Session: Class initialized using 'CodeIgniter\Session\Handlers\FileHandler' driver.
INFO - 2023-12-29 21:48:05 --> Session: Class initialized using 'CodeIgniter\Session\Handlers\FileHandler' driver.
INFO - 2023-12-29 21:48:05 --> Session: Class initialized using 'CodeIgniter\Session\Handlers\FileHandler' driver.
INFO - 2023-12-29 21:49:15 --> Session: Class initialized using 'CodeIgniter\Session\Handlers\FileHandler' driver.
INFO - 2023-12-29 21:49:28 --> Session: Class initialized using 'CodeIgniter\Session\Handlers\FileHandler' driver.
INFO - 2023-12-29 21:50:40 --> Session: Class initialized using 'CodeIgniter\Session\Handlers\FileHandler' driver.
INFO - 2023-12-29 21:50:44 --> Session: Class initialized using 'CodeIgniter\Session\Handlers\FileHandler' driver.
INFO - 2023-12-29 21:50:47 --> Session: Class initialized using 'CodeIgniter\Session\Handlers\FileHandler' driver.
INFO - 2023-12-29 21:50:49 --> Session: Class initialized using 'CodeIgniter\Session\Handlers\FileHandler' driver.
INFO - 2023-12-29 21:50:52 --> Session: Class initialized using 'CodeIgniter\Session\Handlers\FileHandler' driver.
INFO - 2023-12-29 21:55:29 --> Session: Class initialized using 'CodeIgniter\Session\Handlers\FileHandler' driver.
CRITICAL - 2023-12-29 21:55:29 --> foreach() argument must be of type array|object, string given
in APPPATH\Views\responsable.php on line 66.
 1 APPPATH\Views\responsable.php(66): CodeIgniter\Debug\Exceptions->errorHandler(2, 'foreach() argument must be of type array|object, string given', 'C:\\Users\\jorge\\OneDrive - Educacyl\\DAW2\\Desarrollo Web en Entorno Servidor\\proyectoASIR\\codeigniter\\app\\Views\\responsable.php', 66)
 2 SYSTEMPATH\View\View.php(228): include('C:\\Users\\jorge\\OneDrive - Educacyl\\DAW2\\Desarrollo Web en Entorno Servidor\\proyectoASIR\\codeigniter\\app\\Views\\responsable.php')
 3 SYSTEMPATH\View\View.php(231): CodeIgniter\View\View->CodeIgniter\View\{closure}()
 4 SYSTEMPATH\Common.php(1190): CodeIgniter\View\View->render('responsable', [], true)
 5 APPPATH\Controllers\Home.php(206): view('responsable', [...])
 6 SYSTEMPATH\CodeIgniter.php(942): App\Controllers\Home->inicioResponsable()
 7 SYSTEMPATH\CodeIgniter.php(502): CodeIgniter\CodeIgniter->runController(Object(App\Controllers\Home))
 8 SYSTEMPATH\CodeIgniter.php(361): CodeIgniter\CodeIgniter->handleRequest(null, Object(Config\Cache), false)
 9 FCPATH\index.php(79): CodeIgniter\CodeIgniter->run()
INFO - 2023-12-29 21:55:31 --> Session: Class initialized using 'CodeIgniter\Session\Handlers\FileHandler' driver.
CRITICAL - 2023-12-29 21:55:31 --> foreach() argument must be of type array|object, string given
in APPPATH\Views\responsable.php on line 66.
 1 APPPATH\Views\responsable.php(66): CodeIgniter\Debug\Exceptions->errorHandler(2, 'foreach() argument must be of type array|object, string given', 'C:\\Users\\jorge\\OneDrive - Educacyl\\DAW2\\Desarrollo Web en Entorno Servidor\\proyectoASIR\\codeigniter\\app\\Views\\responsable.php', 66)
 2 SYSTEMPATH\View\View.php(228): include('C:\\Users\\jorge\\OneDrive - Educacyl\\DAW2\\Desarrollo Web en Entorno Servidor\\proyectoASIR\\codeigniter\\app\\Views\\responsable.php')
 3 SYSTEMPATH\View\View.php(231): CodeIgniter\View\View->CodeIgniter\View\{closure}()
 4 SYSTEMPATH\Common.php(1190): CodeIgniter\View\View->render('responsable', [], true)
 5 APPPATH\Controllers\Home.php(206): view('responsable', [...])
 6 SYSTEMPATH\CodeIgniter.php(942): App\Controllers\Home->inicioResponsable()
 7 SYSTEMPATH\CodeIgniter.php(502): CodeIgniter\CodeIgniter->runController(Object(App\Controllers\Home))
 8 SYSTEMPATH\CodeIgniter.php(361): CodeIgniter\CodeIgniter->handleRequest(null, Object(Config\Cache), false)
 9 FCPATH\index.php(79): CodeIgniter\CodeIgniter->run()
INFO - 2023-12-29 21:55:32 --> Session: Class initialized using 'CodeIgniter\Session\Handlers\FileHandler' driver.
CRITICAL - 2023-12-29 21:55:32 --> foreach() argument must be of type array|object, string given
in APPPATH\Views\responsable.php on line 66.
 1 APPPATH\Views\responsable.php(66): CodeIgniter\Debug\Exceptions->errorHandler(2, 'foreach() argument must be of type array|object, string given', 'C:\\Users\\jorge\\OneDrive - Educacyl\\DAW2\\Desarrollo Web en Entorno Servidor\\proyectoASIR\\codeigniter\\app\\Views\\responsable.php', 66)
 2 SYSTEMPATH\View\View.php(228): include('C:\\Users\\jorge\\OneDrive - Educacyl\\DAW2\\Desarrollo Web en Entorno Servidor\\proyectoASIR\\codeigniter\\app\\Views\\responsable.php')
 3 SYSTEMPATH\View\View.php(231): CodeIgniter\View\View->CodeIgniter\View\{closure}()
 4 SYSTEMPATH\Common.php(1190): CodeIgniter\View\View->render('responsable', [], true)
 5 APPPATH\Controllers\Home.php(206): view('responsable', [...])
 6 SYSTEMPATH\CodeIgniter.php(942): App\Controllers\Home->inicioResponsable()
 7 SYSTEMPATH\CodeIgniter.php(502): CodeIgniter\CodeIgniter->runController(Object(App\Controllers\Home))
 8 SYSTEMPATH\CodeIgniter.php(361): CodeIgniter\CodeIgniter->handleRequest(null, Object(Config\Cache), false)
 9 FCPATH\index.php(79): CodeIgniter\CodeIgniter->run()
INFO - 2023-12-29 21:55:32 --> Session: Class initialized using 'CodeIgniter\Session\Handlers\FileHandler' driver.
CRITICAL - 2023-12-29 21:55:32 --> foreach() argument must be of type array|object, string given
in APPPATH\Views\responsable.php on line 66.
 1 APPPATH\Views\responsable.php(66): CodeIgniter\Debug\Exceptions->errorHandler(2, 'foreach() argument must be of type array|object, string given', 'C:\\Users\\jorge\\OneDrive - Educacyl\\DAW2\\Desarrollo Web en Entorno Servidor\\proyectoASIR\\codeigniter\\app\\Views\\responsable.php', 66)
 2 SYSTEMPATH\View\View.php(228): include('C:\\Users\\jorge\\OneDrive - Educacyl\\DAW2\\Desarrollo Web en Entorno Servidor\\proyectoASIR\\codeigniter\\app\\Views\\responsable.php')
 3 SYSTEMPATH\View\View.php(231): CodeIgniter\View\View->CodeIgniter\View\{closure}()
 4 SYSTEMPATH\Common.php(1190): CodeIgniter\View\View->render('responsable', [], true)
 5 APPPATH\Controllers\Home.php(206): view('responsable', [...])
 6 SYSTEMPATH\CodeIgniter.php(942): App\Controllers\Home->inicioResponsable()
 7 SYSTEMPATH\CodeIgniter.php(502): CodeIgniter\CodeIgniter->runController(Object(App\Controllers\Home))
 8 SYSTEMPATH\CodeIgniter.php(361): CodeIgniter\CodeIgniter->handleRequest(null, Object(Config\Cache), false)
 9 FCPATH\index.php(79): CodeIgniter\CodeIgniter->run()
INFO - 2023-12-29 21:55:33 --> Session: Class initialized using 'CodeIgniter\Session\Handlers\FileHandler' driver.
CRITICAL - 2023-12-29 21:55:33 --> foreach() argument must be of type array|object, string given
in APPPATH\Views\responsable.php on line 66.
 1 APPPATH\Views\responsable.php(66): CodeIgniter\Debug\Exceptions->errorHandler(2, 'foreach() argument must be of type array|object, string given', 'C:\\Users\\jorge\\OneDrive - Educacyl\\DAW2\\Desarrollo Web en Entorno Servidor\\proyectoASIR\\codeigniter\\app\\Views\\responsable.php', 66)
 2 SYSTEMPATH\View\View.php(228): include('C:\\Users\\jorge\\OneDrive - Educacyl\\DAW2\\Desarrollo Web en Entorno Servidor\\proyectoASIR\\codeigniter\\app\\Views\\responsable.php')
 3 SYSTEMPATH\View\View.php(231): CodeIgniter\View\View->CodeIgniter\View\{closure}()
 4 SYSTEMPATH\Common.php(1190): CodeIgniter\View\View->render('responsable', [], true)
 5 APPPATH\Controllers\Home.php(206): view('responsable', [...])
 6 SYSTEMPATH\CodeIgniter.php(942): App\Controllers\Home->inicioResponsable()
 7 SYSTEMPATH\CodeIgniter.php(502): CodeIgniter\CodeIgniter->runController(Object(App\Controllers\Home))
 8 SYSTEMPATH\CodeIgniter.php(361): CodeIgniter\CodeIgniter->handleRequest(null, Object(Config\Cache), false)
 9 FCPATH\index.php(79): CodeIgniter\CodeIgniter->run()
INFO - 2023-12-29 21:56:05 --> Session: Class initialized using 'CodeIgniter\Session\Handlers\FileHandler' driver.
CRITICAL - 2023-12-29 21:56:05 --> foreach() argument must be of type array|object, string given
in APPPATH\Views\responsable.php on line 66.
 1 APPPATH\Views\responsable.php(66): CodeIgniter\Debug\Exceptions->errorHandler(2, 'foreach() argument must be of type array|object, string given', 'C:\\Users\\jorge\\OneDrive - Educacyl\\DAW2\\Desarrollo Web en Entorno Servidor\\proyectoASIR\\codeigniter\\app\\Views\\responsable.php', 66)
 2 SYSTEMPATH\View\View.php(228): include('C:\\Users\\jorge\\OneDrive - Educacyl\\DAW2\\Desarrollo Web en Entorno Servidor\\proyectoASIR\\codeigniter\\app\\Views\\responsable.php')
 3 SYSTEMPATH\View\View.php(231): CodeIgniter\View\View->CodeIgniter\View\{closure}()
 4 SYSTEMPATH\Common.php(1190): CodeIgniter\View\View->render('responsable', [], true)
 5 APPPATH\Controllers\Home.php(206): view('responsable', [...])
 6 SYSTEMPATH\CodeIgniter.php(942): App\Controllers\Home->inicioResponsable()
 7 SYSTEMPATH\CodeIgniter.php(502): CodeIgniter\CodeIgniter->runController(Object(App\Controllers\Home))
 8 SYSTEMPATH\CodeIgniter.php(361): CodeIgniter\CodeIgniter->handleRequest(null, Object(Config\Cache), false)
 9 FCPATH\index.php(79): CodeIgniter\CodeIgniter->run()
INFO - 2023-12-29 21:56:28 --> Session: Class initialized using 'CodeIgniter\Session\Handlers\FileHandler' driver.
INFO - 2023-12-29 21:57:09 --> Session: Class initialized using 'CodeIgniter\Session\Handlers\FileHandler' driver.
INFO - 2023-12-29 21:57:16 --> Session: Class initialized using 'CodeIgniter\Session\Handlers\FileHandler' driver.
INFO - 2023-12-29 21:57:17 --> Session: Class initialized using 'CodeIgniter\Session\Handlers\FileHandler' driver.
INFO - 2023-12-29 21:57:18 --> Session: Class initialized using 'CodeIgniter\Session\Handlers\FileHandler' driver.
INFO - 2023-12-29 21:57:21 --> Session: Class initialized using 'CodeIgniter\Session\Handlers\FileHandler' driver.
INFO - 2023-12-29 21:57:21 --> Session: Class initialized using 'CodeIgniter\Session\Handlers\FileHandler' driver.
INFO - 2023-12-29 21:57:38 --> Session: Class initialized using 'CodeIgniter\Session\Handlers\FileHandler' driver.
INFO - 2023-12-29 21:57:40 --> Session: Class initialized using 'CodeIgniter\Session\Handlers\FileHandler' driver.
INFO - 2023-12-29 21:59:19 --> Session: Class initialized using 'CodeIgniter\Session\Handlers\FileHandler' driver.
INFO - 2023-12-29 21:59:20 --> Session: Class initialized using 'CodeIgniter\Session\Handlers\FileHandler' driver.
INFO - 2023-12-29 21:59:42 --> Session: Class initialized using 'CodeIgniter\Session\Handlers\FileHandler' driver.
INFO - 2023-12-29 21:59:57 --> Session: Class initialized using 'CodeIgniter\Session\Handlers\FileHandler' driver.
INFO - 2023-12-29 22:00:45 --> Session: Class initialized using 'CodeIgniter\Session\Handlers\FileHandler' driver.
INFO - 2023-12-29 22:00:49 --> Session: Class initialized using 'CodeIgniter\Session\Handlers\FileHandler' driver.
INFO - 2023-12-29 22:01:00 --> Session: Class initialized using 'CodeIgniter\Session\Handlers\FileHandler' driver.
