INFO - 2024-01-02 19:19:53 --> Session: Class initialized using 'CodeIgniter\Session\Handlers\FileHandler' driver.
INFO - 2024-01-02 19:21:09 --> Session: Class initialized using 'CodeIgniter\Session\Handlers\FileHandler' driver.
INFO - 2024-01-02 19:21:30 --> Session: Class initialized using 'CodeIgniter\Session\Handlers\FileHandler' driver.
INFO - 2024-01-02 19:21:34 --> Session: Class initialized using 'CodeIgniter\Session\Handlers\FileHandler' driver.
INFO - 2024-01-02 19:21:35 --> Session: Class initialized using 'CodeIgniter\Session\Handlers\FileHandler' driver.
INFO - 2024-01-02 19:33:52 --> Session: Class initialized using 'CodeIgniter\Session\Handlers\FileHandler' driver.
INFO - 2024-01-02 19:33:52 --> Session: Class initialized using 'CodeIgniter\Session\Handlers\FileHandler' driver.
INFO - 2024-01-02 19:33:54 --> Session: Class initialized using 'CodeIgniter\Session\Handlers\FileHandler' driver.
INFO - 2024-01-02 19:34:00 --> Session: Class initialized using 'CodeIgniter\Session\Handlers\FileHandler' driver.
INFO - 2024-01-02 19:34:09 --> Session: Class initialized using 'CodeIgniter\Session\Handlers\FileHandler' driver.
INFO - 2024-01-02 19:41:25 --> Session: Class initialized using 'CodeIgniter\Session\Handlers\FileHandler' driver.
CRITICAL - 2024-01-02 19:41:25 --> Undefined variable $dia1
in APPPATH\Views\crud.php on line 48.
 1 APPPATH\Views\crud.php(48): CodeIgniter\Debug\Exceptions->errorHandler(2, 'Undefined variable $dia1', 'C:\\Users\\jorge\\OneDrive - Educacyl\\DAW2\\Desarrollo Web en Entorno Servidor\\proyectoASIR\\codeigniter\\app\\Views\\crud.php', 48)
 2 SYSTEMPATH\View\View.php(228): include('C:\\Users\\jorge\\OneDrive - Educacyl\\DAW2\\Desarrollo Web en Entorno Servidor\\proyectoASIR\\codeigniter\\app\\Views\\crud.php')
 3 SYSTEMPATH\View\View.php(231): CodeIgniter\View\View->CodeIgniter\View\{closure}()
 4 SYSTEMPATH\Common.php(1190): CodeIgniter\View\View->render('crud', [], true)
 5 APPPATH\Controllers\Home.php(231): view('crud', [...])
 6 SYSTEMPATH\CodeIgniter.php(942): App\Controllers\Home->crud()
 7 SYSTEMPATH\CodeIgniter.php(502): CodeIgniter\CodeIgniter->runController(Object(App\Controllers\Home))
 8 SYSTEMPATH\CodeIgniter.php(361): CodeIgniter\CodeIgniter->handleRequest(null, Object(Config\Cache), false)
 9 FCPATH\index.php(79): CodeIgniter\CodeIgniter->run()
INFO - 2024-01-02 19:41:43 --> Session: Class initialized using 'CodeIgniter\Session\Handlers\FileHandler' driver.
INFO - 2024-01-02 19:42:54 --> Session: Class initialized using 'CodeIgniter\Session\Handlers\FileHandler' driver.
CRITICAL - 2024-01-02 19:42:54 --> Undefined array key "empleado"
in APPPATH\Controllers\Home.php on line 241.
 1 APPPATH\Controllers\Home.php(241): CodeIgniter\Debug\Exceptions->errorHandler(2, 'Undefined array key "empleado"', 'C:\\Users\\jorge\\OneDrive - Educacyl\\DAW2\\Desarrollo Web en Entorno Servidor\\proyectoASIR\\codeigniter\\app\\Controllers\\Home.php', 241)
 2 SYSTEMPATH\CodeIgniter.php(942): App\Controllers\Home->rangoFechasCrud()
 3 SYSTEMPATH\CodeIgniter.php(502): CodeIgniter\CodeIgniter->runController(Object(App\Controllers\Home))
 4 SYSTEMPATH\CodeIgniter.php(361): CodeIgniter\CodeIgniter->handleRequest(null, Object(Config\Cache), false)
 5 FCPATH\index.php(79): CodeIgniter\CodeIgniter->run()
INFO - 2024-01-02 19:43:59 --> Session: Class initialized using 'CodeIgniter\Session\Handlers\FileHandler' driver.
ERROR - 2024-01-02 19:43:59 --> mysqli_sql_exception: You have an error in your SQL syntax; check the manual that corresponds to your MariaDB server version for the right syntax to use near 'AND DATE(FechaEntrada) BETWEEN '2023-11-08' AND '2024-01-19'' at line 1 in C:\Users\jorge\OneDrive - Educacyl\DAW2\Desarrollo Web en Entorno Servidor\proyectoASIR\codeigniter\system\Database\MySQLi\Connection.php:306
Stack trace:
#0 C:\Users\jorge\OneDrive - Educacyl\DAW2\Desarrollo Web en Entorno Servidor\proyectoASIR\codeigniter\system\Database\MySQLi\Connection.php(306): mysqli->query('SELECT * FROM f...', 0)
#1 C:\Users\jorge\OneDrive - Educacyl\DAW2\Desarrollo Web en Entorno Servidor\proyectoASIR\codeigniter\system\Database\BaseConnection.php(693): CodeIgniter\Database\MySQLi\Connection->execute('SELECT * FROM f...')
#2 C:\Users\jorge\OneDrive - Educacyl\DAW2\Desarrollo Web en Entorno Servidor\proyectoASIR\codeigniter\system\Database\BaseConnection.php(607): CodeIgniter\Database\BaseConnection->simpleQuery('SELECT * FROM f...')
#3 C:\Users\jorge\OneDrive - Educacyl\DAW2\Desarrollo Web en Entorno Servidor\proyectoASIR\codeigniter\app\Models\MiModelo.php(227): CodeIgniter\Database\BaseConnection->query('SELECT * FROM f...')
#4 C:\Users\jorge\OneDrive - Educacyl\DAW2\Desarrollo Web en Entorno Servidor\proyectoASIR\codeigniter\app\Controllers\Home.php(241): App\Models\MiModelo->fichajesDia(NULL, '2023-11-08', '2024-01-19')
#5 C:\Users\jorge\OneDrive - Educacyl\DAW2\Desarrollo Web en Entorno Servidor\proyectoASIR\codeigniter\system\CodeIgniter.php(942): App\Controllers\Home->rangoFechasCrud()
#6 C:\Users\jorge\OneDrive - Educacyl\DAW2\Desarrollo Web en Entorno Servidor\proyectoASIR\codeigniter\system\CodeIgniter.php(502): CodeIgniter\CodeIgniter->runController(Object(App\Controllers\Home))
#7 C:\Users\jorge\OneDrive - Educacyl\DAW2\Desarrollo Web en Entorno Servidor\proyectoASIR\codeigniter\system\CodeIgniter.php(361): CodeIgniter\CodeIgniter->handleRequest(NULL, Object(Config\Cache), false)
#8 C:\Users\jorge\OneDrive - Educacyl\DAW2\Desarrollo Web en Entorno Servidor\proyectoASIR\codeigniter\public\index.php(79): CodeIgniter\CodeIgniter->run()
#9 {main}
CRITICAL - 2024-01-02 19:43:59 --> You have an error in your SQL syntax; check the manual that corresponds to your MariaDB server version for the right syntax to use near 'AND DATE(FechaEntrada) BETWEEN '2023-11-08' AND '2024-01-19'' at line 1
in SYSTEMPATH\Database\BaseConnection.php on line 647.
 1 APPPATH\Models\MiModelo.php(227): CodeIgniter\Database\BaseConnection->query('SELECT * FROM fichaje WHERE id_usuario =  AND DATE(FechaEntrada) BETWEEN \'2023-11-08\' AND \'2024-01-19\';')
 2 APPPATH\Controllers\Home.php(241): App\Models\MiModelo->fichajesDia(null, '2023-11-08', '2024-01-19')
 3 SYSTEMPATH\CodeIgniter.php(942): App\Controllers\Home->rangoFechasCrud()
 4 SYSTEMPATH\CodeIgniter.php(502): CodeIgniter\CodeIgniter->runController(Object(App\Controllers\Home))
 5 SYSTEMPATH\CodeIgniter.php(361): CodeIgniter\CodeIgniter->handleRequest(null, Object(Config\Cache), false)
 6 FCPATH\index.php(79): CodeIgniter\CodeIgniter->run()
INFO - 2024-01-02 19:44:01 --> Session: Class initialized using 'CodeIgniter\Session\Handlers\FileHandler' driver.
INFO - 2024-01-02 19:44:05 --> Session: Class initialized using 'CodeIgniter\Session\Handlers\FileHandler' driver.
ERROR - 2024-01-02 19:44:05 --> mysqli_sql_exception: You have an error in your SQL syntax; check the manual that corresponds to your MariaDB server version for the right syntax to use near 'AND DATE(FechaEntrada) BETWEEN '2023-11-06' AND '2024-01-19'' at line 1 in C:\Users\jorge\OneDrive - Educacyl\DAW2\Desarrollo Web en Entorno Servidor\proyectoASIR\codeigniter\system\Database\MySQLi\Connection.php:306
Stack trace:
#0 C:\Users\jorge\OneDrive - Educacyl\DAW2\Desarrollo Web en Entorno Servidor\proyectoASIR\codeigniter\system\Database\MySQLi\Connection.php(306): mysqli->query('SELECT * FROM f...', 0)
#1 C:\Users\jorge\OneDrive - Educacyl\DAW2\Desarrollo Web en Entorno Servidor\proyectoASIR\codeigniter\system\Database\BaseConnection.php(693): CodeIgniter\Database\MySQLi\Connection->execute('SELECT * FROM f...')
#2 C:\Users\jorge\OneDrive - Educacyl\DAW2\Desarrollo Web en Entorno Servidor\proyectoASIR\codeigniter\system\Database\BaseConnection.php(607): CodeIgniter\Database\BaseConnection->simpleQuery('SELECT * FROM f...')
#3 C:\Users\jorge\OneDrive - Educacyl\DAW2\Desarrollo Web en Entorno Servidor\proyectoASIR\codeigniter\app\Models\MiModelo.php(227): CodeIgniter\Database\BaseConnection->query('SELECT * FROM f...')
#4 C:\Users\jorge\OneDrive - Educacyl\DAW2\Desarrollo Web en Entorno Servidor\proyectoASIR\codeigniter\app\Controllers\Home.php(241): App\Models\MiModelo->fichajesDia(NULL, '2023-11-06', '2024-01-19')
#5 C:\Users\jorge\OneDrive - Educacyl\DAW2\Desarrollo Web en Entorno Servidor\proyectoASIR\codeigniter\system\CodeIgniter.php(942): App\Controllers\Home->rangoFechasCrud()
#6 C:\Users\jorge\OneDrive - Educacyl\DAW2\Desarrollo Web en Entorno Servidor\proyectoASIR\codeigniter\system\CodeIgniter.php(502): CodeIgniter\CodeIgniter->runController(Object(App\Controllers\Home))
#7 C:\Users\jorge\OneDrive - Educacyl\DAW2\Desarrollo Web en Entorno Servidor\proyectoASIR\codeigniter\system\CodeIgniter.php(361): CodeIgniter\CodeIgniter->handleRequest(NULL, Object(Config\Cache), false)
#8 C:\Users\jorge\OneDrive - Educacyl\DAW2\Desarrollo Web en Entorno Servidor\proyectoASIR\codeigniter\public\index.php(79): CodeIgniter\CodeIgniter->run()
#9 {main}
CRITICAL - 2024-01-02 19:44:05 --> You have an error in your SQL syntax; check the manual that corresponds to your MariaDB server version for the right syntax to use near 'AND DATE(FechaEntrada) BETWEEN '2023-11-06' AND '2024-01-19'' at line 1
in SYSTEMPATH\Database\BaseConnection.php on line 647.
 1 APPPATH\Models\MiModelo.php(227): CodeIgniter\Database\BaseConnection->query('SELECT * FROM fichaje WHERE id_usuario =  AND DATE(FechaEntrada) BETWEEN \'2023-11-06\' AND \'2024-01-19\';')
 2 APPPATH\Controllers\Home.php(241): App\Models\MiModelo->fichajesDia(null, '2023-11-06', '2024-01-19')
 3 SYSTEMPATH\CodeIgniter.php(942): App\Controllers\Home->rangoFechasCrud()
 4 SYSTEMPATH\CodeIgniter.php(502): CodeIgniter\CodeIgniter->runController(Object(App\Controllers\Home))
 5 SYSTEMPATH\CodeIgniter.php(361): CodeIgniter\CodeIgniter->handleRequest(null, Object(Config\Cache), false)
 6 FCPATH\index.php(79): CodeIgniter\CodeIgniter->run()
ERROR - 2024-01-02 19:44:29 --> mysqli_sql_exception: You have an error in your SQL syntax; check the manual that corresponds to your MariaDB server version for the right syntax to use near 'AND DATE(FechaEntrada) BETWEEN '2023-11-06' AND '2024-01-19'' at line 1 in C:\Users\jorge\OneDrive - Educacyl\DAW2\Desarrollo Web en Entorno Servidor\proyectoASIR\codeigniter\system\Database\MySQLi\Connection.php:306
Stack trace:
#0 C:\Users\jorge\OneDrive - Educacyl\DAW2\Desarrollo Web en Entorno Servidor\proyectoASIR\codeigniter\system\Database\MySQLi\Connection.php(306): mysqli->query('SELECT * FROM f...', 0)
#1 C:\Users\jorge\OneDrive - Educacyl\DAW2\Desarrollo Web en Entorno Servidor\proyectoASIR\codeigniter\system\Database\BaseConnection.php(693): CodeIgniter\Database\MySQLi\Connection->execute('SELECT * FROM f...')
#2 C:\Users\jorge\OneDrive - Educacyl\DAW2\Desarrollo Web en Entorno Servidor\proyectoASIR\codeigniter\system\Database\BaseConnection.php(607): CodeIgniter\Database\BaseConnection->simpleQuery('SELECT * FROM f...')
#3 C:\Users\jorge\OneDrive - Educacyl\DAW2\Desarrollo Web en Entorno Servidor\proyectoASIR\codeigniter\app\Models\MiModelo.php(227): CodeIgniter\Database\BaseConnection->query('SELECT * FROM f...')
#4 C:\Users\jorge\OneDrive - Educacyl\DAW2\Desarrollo Web en Entorno Servidor\proyectoASIR\codeigniter\app\Controllers\Home.php(240): App\Models\MiModelo->fichajesDia(NULL, '2023-11-06', '2024-01-19')
#5 C:\Users\jorge\OneDrive - Educacyl\DAW2\Desarrollo Web en Entorno Servidor\proyectoASIR\codeigniter\system\CodeIgniter.php(942): App\Controllers\Home->rangoFechasCrud()
#6 C:\Users\jorge\OneDrive - Educacyl\DAW2\Desarrollo Web en Entorno Servidor\proyectoASIR\codeigniter\system\CodeIgniter.php(502): CodeIgniter\CodeIgniter->runController(Object(App\Controllers\Home))
#7 C:\Users\jorge\OneDrive - Educacyl\DAW2\Desarrollo Web en Entorno Servidor\proyectoASIR\codeigniter\system\CodeIgniter.php(361): CodeIgniter\CodeIgniter->handleRequest(NULL, Object(Config\Cache), false)
#8 C:\Users\jorge\OneDrive - Educacyl\DAW2\Desarrollo Web en Entorno Servidor\proyectoASIR\codeigniter\public\index.php(79): CodeIgniter\CodeIgniter->run()
#9 {main}
CRITICAL - 2024-01-02 19:44:29 --> You have an error in your SQL syntax; check the manual that corresponds to your MariaDB server version for the right syntax to use near 'AND DATE(FechaEntrada) BETWEEN '2023-11-06' AND '2024-01-19'' at line 1
in SYSTEMPATH\Database\BaseConnection.php on line 647.
 1 APPPATH\Models\MiModelo.php(227): CodeIgniter\Database\BaseConnection->query('SELECT * FROM fichaje WHERE id_usuario =  AND DATE(FechaEntrada) BETWEEN \'2023-11-06\' AND \'2024-01-19\';')
 2 APPPATH\Controllers\Home.php(240): App\Models\MiModelo->fichajesDia(null, '2023-11-06', '2024-01-19')
 3 SYSTEMPATH\CodeIgniter.php(942): App\Controllers\Home->rangoFechasCrud()
 4 SYSTEMPATH\CodeIgniter.php(502): CodeIgniter\CodeIgniter->runController(Object(App\Controllers\Home))
 5 SYSTEMPATH\CodeIgniter.php(361): CodeIgniter\CodeIgniter->handleRequest(null, Object(Config\Cache), false)
 6 FCPATH\index.php(79): CodeIgniter\CodeIgniter->run()
ERROR - 2024-01-02 19:44:32 --> mysqli_sql_exception: You have an error in your SQL syntax; check the manual that corresponds to your MariaDB server version for the right syntax to use near 'AND DATE(FechaEntrada) BETWEEN '2023-11-06' AND '2024-01-19'' at line 1 in C:\Users\jorge\OneDrive - Educacyl\DAW2\Desarrollo Web en Entorno Servidor\proyectoASIR\codeigniter\system\Database\MySQLi\Connection.php:306
Stack trace:
#0 C:\Users\jorge\OneDrive - Educacyl\DAW2\Desarrollo Web en Entorno Servidor\proyectoASIR\codeigniter\system\Database\MySQLi\Connection.php(306): mysqli->query('SELECT * FROM f...', 0)
#1 C:\Users\jorge\OneDrive - Educacyl\DAW2\Desarrollo Web en Entorno Servidor\proyectoASIR\codeigniter\system\Database\BaseConnection.php(693): CodeIgniter\Database\MySQLi\Connection->execute('SELECT * FROM f...')
#2 C:\Users\jorge\OneDrive - Educacyl\DAW2\Desarrollo Web en Entorno Servidor\proyectoASIR\codeigniter\system\Database\BaseConnection.php(607): CodeIgniter\Database\BaseConnection->simpleQuery('SELECT * FROM f...')
#3 C:\Users\jorge\OneDrive - Educacyl\DAW2\Desarrollo Web en Entorno Servidor\proyectoASIR\codeigniter\app\Models\MiModelo.php(227): CodeIgniter\Database\BaseConnection->query('SELECT * FROM f...')
#4 C:\Users\jorge\OneDrive - Educacyl\DAW2\Desarrollo Web en Entorno Servidor\proyectoASIR\codeigniter\app\Controllers\Home.php(240): App\Models\MiModelo->fichajesDia(NULL, '2023-11-06', '2024-01-19')
#5 C:\Users\jorge\OneDrive - Educacyl\DAW2\Desarrollo Web en Entorno Servidor\proyectoASIR\codeigniter\system\CodeIgniter.php(942): App\Controllers\Home->rangoFechasCrud()
#6 C:\Users\jorge\OneDrive - Educacyl\DAW2\Desarrollo Web en Entorno Servidor\proyectoASIR\codeigniter\system\CodeIgniter.php(502): CodeIgniter\CodeIgniter->runController(Object(App\Controllers\Home))
#7 C:\Users\jorge\OneDrive - Educacyl\DAW2\Desarrollo Web en Entorno Servidor\proyectoASIR\codeigniter\system\CodeIgniter.php(361): CodeIgniter\CodeIgniter->handleRequest(NULL, Object(Config\Cache), false)
#8 C:\Users\jorge\OneDrive - Educacyl\DAW2\Desarrollo Web en Entorno Servidor\proyectoASIR\codeigniter\public\index.php(79): CodeIgniter\CodeIgniter->run()
#9 {main}
CRITICAL - 2024-01-02 19:44:32 --> You have an error in your SQL syntax; check the manual that corresponds to your MariaDB server version for the right syntax to use near 'AND DATE(FechaEntrada) BETWEEN '2023-11-06' AND '2024-01-19'' at line 1
in SYSTEMPATH\Database\BaseConnection.php on line 647.
 1 APPPATH\Models\MiModelo.php(227): CodeIgniter\Database\BaseConnection->query('SELECT * FROM fichaje WHERE id_usuario =  AND DATE(FechaEntrada) BETWEEN \'2023-11-06\' AND \'2024-01-19\';')
 2 APPPATH\Controllers\Home.php(240): App\Models\MiModelo->fichajesDia(null, '2023-11-06', '2024-01-19')
 3 SYSTEMPATH\CodeIgniter.php(942): App\Controllers\Home->rangoFechasCrud()
 4 SYSTEMPATH\CodeIgniter.php(502): CodeIgniter\CodeIgniter->runController(Object(App\Controllers\Home))
 5 SYSTEMPATH\CodeIgniter.php(361): CodeIgniter\CodeIgniter->handleRequest(null, Object(Config\Cache), false)
 6 FCPATH\index.php(79): CodeIgniter\CodeIgniter->run()
INFO - 2024-01-02 19:44:38 --> Session: Class initialized using 'CodeIgniter\Session\Handlers\FileHandler' driver.
ERROR - 2024-01-02 19:44:48 --> mysqli_sql_exception: You have an error in your SQL syntax; check the manual that corresponds to your MariaDB server version for the right syntax to use near 'AND DATE(FechaEntrada) BETWEEN '2023-11-01' AND '2024-01-19'' at line 1 in C:\Users\jorge\OneDrive - Educacyl\DAW2\Desarrollo Web en Entorno Servidor\proyectoASIR\codeigniter\system\Database\MySQLi\Connection.php:306
Stack trace:
#0 C:\Users\jorge\OneDrive - Educacyl\DAW2\Desarrollo Web en Entorno Servidor\proyectoASIR\codeigniter\system\Database\MySQLi\Connection.php(306): mysqli->query('SELECT * FROM f...', 0)
#1 C:\Users\jorge\OneDrive - Educacyl\DAW2\Desarrollo Web en Entorno Servidor\proyectoASIR\codeigniter\system\Database\BaseConnection.php(693): CodeIgniter\Database\MySQLi\Connection->execute('SELECT * FROM f...')
#2 C:\Users\jorge\OneDrive - Educacyl\DAW2\Desarrollo Web en Entorno Servidor\proyectoASIR\codeigniter\system\Database\BaseConnection.php(607): CodeIgniter\Database\BaseConnection->simpleQuery('SELECT * FROM f...')
#3 C:\Users\jorge\OneDrive - Educacyl\DAW2\Desarrollo Web en Entorno Servidor\proyectoASIR\codeigniter\app\Models\MiModelo.php(227): CodeIgniter\Database\BaseConnection->query('SELECT * FROM f...')
#4 C:\Users\jorge\OneDrive - Educacyl\DAW2\Desarrollo Web en Entorno Servidor\proyectoASIR\codeigniter\app\Controllers\Home.php(240): App\Models\MiModelo->fichajesDia(NULL, '2023-11-01', '2024-01-19')
#5 C:\Users\jorge\OneDrive - Educacyl\DAW2\Desarrollo Web en Entorno Servidor\proyectoASIR\codeigniter\system\CodeIgniter.php(942): App\Controllers\Home->rangoFechasCrud()
#6 C:\Users\jorge\OneDrive - Educacyl\DAW2\Desarrollo Web en Entorno Servidor\proyectoASIR\codeigniter\system\CodeIgniter.php(502): CodeIgniter\CodeIgniter->runController(Object(App\Controllers\Home))
#7 C:\Users\jorge\OneDrive - Educacyl\DAW2\Desarrollo Web en Entorno Servidor\proyectoASIR\codeigniter\system\CodeIgniter.php(361): CodeIgniter\CodeIgniter->handleRequest(NULL, Object(Config\Cache), false)
#8 C:\Users\jorge\OneDrive - Educacyl\DAW2\Desarrollo Web en Entorno Servidor\proyectoASIR\codeigniter\public\index.php(79): CodeIgniter\CodeIgniter->run()
#9 {main}
CRITICAL - 2024-01-02 19:44:48 --> You have an error in your SQL syntax; check the manual that corresponds to your MariaDB server version for the right syntax to use near 'AND DATE(FechaEntrada) BETWEEN '2023-11-01' AND '2024-01-19'' at line 1
in SYSTEMPATH\Database\BaseConnection.php on line 647.
 1 APPPATH\Models\MiModelo.php(227): CodeIgniter\Database\BaseConnection->query('SELECT * FROM fichaje WHERE id_usuario =  AND DATE(FechaEntrada) BETWEEN \'2023-11-01\' AND \'2024-01-19\';')
 2 APPPATH\Controllers\Home.php(240): App\Models\MiModelo->fichajesDia(null, '2023-11-01', '2024-01-19')
 3 SYSTEMPATH\CodeIgniter.php(942): App\Controllers\Home->rangoFechasCrud()
 4 SYSTEMPATH\CodeIgniter.php(502): CodeIgniter\CodeIgniter->runController(Object(App\Controllers\Home))
 5 SYSTEMPATH\CodeIgniter.php(361): CodeIgniter\CodeIgniter->handleRequest(null, Object(Config\Cache), false)
 6 FCPATH\index.php(79): CodeIgniter\CodeIgniter->run()
INFO - 2024-01-02 19:46:18 --> Session: Class initialized using 'CodeIgniter\Session\Handlers\FileHandler' driver.
INFO - 2024-01-02 19:46:19 --> Session: Class initialized using 'CodeIgniter\Session\Handlers\FileHandler' driver.
INFO - 2024-01-02 19:46:23 --> Session: Class initialized using 'CodeIgniter\Session\Handlers\FileHandler' driver.
INFO - 2024-01-02 19:46:26 --> Session: Class initialized using 'CodeIgniter\Session\Handlers\FileHandler' driver.
INFO - 2024-01-02 19:46:28 --> Session: Class initialized using 'CodeIgniter\Session\Handlers\FileHandler' driver.
INFO - 2024-01-02 19:48:41 --> Session: Class initialized using 'CodeIgniter\Session\Handlers\FileHandler' driver.
INFO - 2024-01-02 19:48:48 --> Session: Class initialized using 'CodeIgniter\Session\Handlers\FileHandler' driver.
INFO - 2024-01-02 19:52:34 --> Session: Class initialized using 'CodeIgniter\Session\Handlers\FileHandler' driver.
INFO - 2024-01-02 19:58:24 --> Session: Class initialized using 'CodeIgniter\Session\Handlers\FileHandler' driver.
INFO - 2024-01-02 20:03:37 --> Session: Class initialized using 'CodeIgniter\Session\Handlers\FileHandler' driver.
INFO - 2024-01-02 20:03:46 --> Session: Class initialized using 'CodeIgniter\Session\Handlers\FileHandler' driver.
INFO - 2024-01-02 20:03:51 --> Session: Class initialized using 'CodeIgniter\Session\Handlers\FileHandler' driver.
INFO - 2024-01-02 20:03:53 --> Session: Class initialized using 'CodeIgniter\Session\Handlers\FileHandler' driver.
INFO - 2024-01-02 20:04:06 --> Session: Class initialized using 'CodeIgniter\Session\Handlers\FileHandler' driver.
INFO - 2024-01-02 20:09:30 --> Session: Class initialized using 'CodeIgniter\Session\Handlers\FileHandler' driver.
INFO - 2024-01-02 20:09:34 --> Session: Class initialized using 'CodeIgniter\Session\Handlers\FileHandler' driver.
INFO - 2024-01-02 20:09:37 --> Session: Class initialized using 'CodeIgniter\Session\Handlers\FileHandler' driver.
INFO - 2024-01-02 20:09:53 --> Session: Class initialized using 'CodeIgniter\Session\Handlers\FileHandler' driver.
INFO - 2024-01-02 20:14:51 --> Session: Class initialized using 'CodeIgniter\Session\Handlers\FileHandler' driver.
INFO - 2024-01-02 20:14:53 --> Session: Class initialized using 'CodeIgniter\Session\Handlers\FileHandler' driver.
INFO - 2024-01-02 20:14:57 --> Session: Class initialized using 'CodeIgniter\Session\Handlers\FileHandler' driver.
INFO - 2024-01-02 20:16:20 --> Session: Class initialized using 'CodeIgniter\Session\Handlers\FileHandler' driver.
INFO - 2024-01-02 20:16:21 --> Session: Class initialized using 'CodeIgniter\Session\Handlers\FileHandler' driver.
INFO - 2024-01-02 20:16:22 --> Session: Class initialized using 'CodeIgniter\Session\Handlers\FileHandler' driver.
INFO - 2024-01-02 20:17:22 --> Session: Class initialized using 'CodeIgniter\Session\Handlers\FileHandler' driver.
INFO - 2024-01-02 20:17:25 --> Session: Class initialized using 'CodeIgniter\Session\Handlers\FileHandler' driver.
INFO - 2024-01-02 20:17:26 --> Session: Class initialized using 'CodeIgniter\Session\Handlers\FileHandler' driver.
INFO - 2024-01-02 20:17:29 --> Session: Class initialized using 'CodeIgniter\Session\Handlers\FileHandler' driver.
INFO - 2024-01-02 20:17:30 --> Session: Class initialized using 'CodeIgniter\Session\Handlers\FileHandler' driver.
INFO - 2024-01-02 20:17:31 --> Session: Class initialized using 'CodeIgniter\Session\Handlers\FileHandler' driver.
INFO - 2024-01-02 20:17:31 --> Session: Class initialized using 'CodeIgniter\Session\Handlers\FileHandler' driver.
INFO - 2024-01-02 20:17:33 --> Session: Class initialized using 'CodeIgniter\Session\Handlers\FileHandler' driver.
INFO - 2024-01-02 20:17:59 --> Session: Class initialized using 'CodeIgniter\Session\Handlers\FileHandler' driver.
INFO - 2024-01-02 20:18:42 --> Session: Class initialized using 'CodeIgniter\Session\Handlers\FileHandler' driver.
INFO - 2024-01-02 20:18:42 --> Session: Class initialized using 'CodeIgniter\Session\Handlers\FileHandler' driver.
INFO - 2024-01-02 20:18:43 --> Session: Class initialized using 'CodeIgniter\Session\Handlers\FileHandler' driver.
INFO - 2024-01-02 20:18:44 --> Session: Class initialized using 'CodeIgniter\Session\Handlers\FileHandler' driver.
INFO - 2024-01-02 20:18:44 --> Session: Class initialized using 'CodeIgniter\Session\Handlers\FileHandler' driver.
INFO - 2024-01-02 20:18:45 --> Session: Class initialized using 'CodeIgniter\Session\Handlers\FileHandler' driver.
INFO - 2024-01-02 20:18:46 --> Session: Class initialized using 'CodeIgniter\Session\Handlers\FileHandler' driver.
INFO - 2024-01-02 20:18:47 --> Session: Class initialized using 'CodeIgniter\Session\Handlers\FileHandler' driver.
INFO - 2024-01-02 20:19:52 --> Session: Class initialized using 'CodeIgniter\Session\Handlers\FileHandler' driver.
INFO - 2024-01-02 20:19:53 --> Session: Class initialized using 'CodeIgniter\Session\Handlers\FileHandler' driver.
INFO - 2024-01-02 20:19:54 --> Session: Class initialized using 'CodeIgniter\Session\Handlers\FileHandler' driver.
INFO - 2024-01-02 20:19:54 --> Session: Class initialized using 'CodeIgniter\Session\Handlers\FileHandler' driver.
INFO - 2024-01-02 20:19:55 --> Session: Class initialized using 'CodeIgniter\Session\Handlers\FileHandler' driver.
INFO - 2024-01-02 20:19:59 --> Session: Class initialized using 'CodeIgniter\Session\Handlers\FileHandler' driver.
INFO - 2024-01-02 20:20:03 --> Session: Class initialized using 'CodeIgniter\Session\Handlers\FileHandler' driver.
INFO - 2024-01-02 20:20:06 --> Session: Class initialized using 'CodeIgniter\Session\Handlers\FileHandler' driver.
INFO - 2024-01-02 20:20:08 --> Session: Class initialized using 'CodeIgniter\Session\Handlers\FileHandler' driver.
INFO - 2024-01-02 20:20:30 --> Session: Class initialized using 'CodeIgniter\Session\Handlers\FileHandler' driver.
INFO - 2024-01-02 20:20:34 --> Session: Class initialized using 'CodeIgniter\Session\Handlers\FileHandler' driver.
INFO - 2024-01-02 20:20:36 --> Session: Class initialized using 'CodeIgniter\Session\Handlers\FileHandler' driver.
INFO - 2024-01-02 20:20:54 --> Session: Class initialized using 'CodeIgniter\Session\Handlers\FileHandler' driver.
INFO - 2024-01-02 20:20:55 --> Session: Class initialized using 'CodeIgniter\Session\Handlers\FileHandler' driver.
INFO - 2024-01-02 20:20:57 --> Session: Class initialized using 'CodeIgniter\Session\Handlers\FileHandler' driver.
INFO - 2024-01-02 20:21:56 --> Session: Class initialized using 'CodeIgniter\Session\Handlers\FileHandler' driver.
INFO - 2024-01-02 20:22:03 --> Session: Class initialized using 'CodeIgniter\Session\Handlers\FileHandler' driver.
CRITICAL - 2024-01-02 20:22:03 --> Undefined variable $nombreUsuario
in APPPATH\Views\crud.php on line 31.
 1 APPPATH\Views\crud.php(31): CodeIgniter\Debug\Exceptions->errorHandler(2, 'Undefined variable $nombreUsuario', 'C:\\Users\\jorge\\OneDrive - Educacyl\\DAW2\\Desarrollo Web en Entorno Servidor\\proyectoASIR\\codeigniter\\app\\Views\\crud.php', 31)
 2 SYSTEMPATH\View\View.php(228): include('C:\\Users\\jorge\\OneDrive - Educacyl\\DAW2\\Desarrollo Web en Entorno Servidor\\proyectoASIR\\codeigniter\\app\\Views\\crud.php')
 3 SYSTEMPATH\View\View.php(231): CodeIgniter\View\View->CodeIgniter\View\{closure}()
 4 SYSTEMPATH\Common.php(1190): CodeIgniter\View\View->render('crud', [], true)
 5 APPPATH\Controllers\Home.php(233): view('crud', [...])
 6 SYSTEMPATH\CodeIgniter.php(942): App\Controllers\Home->crud()
 7 SYSTEMPATH\CodeIgniter.php(502): CodeIgniter\CodeIgniter->runController(Object(App\Controllers\Home))
 8 SYSTEMPATH\CodeIgniter.php(361): CodeIgniter\CodeIgniter->handleRequest(null, Object(Config\Cache), false)
 9 FCPATH\index.php(79): CodeIgniter\CodeIgniter->run()
INFO - 2024-01-02 20:22:10 --> Session: Class initialized using 'CodeIgniter\Session\Handlers\FileHandler' driver.
INFO - 2024-01-02 20:22:17 --> Session: Class initialized using 'CodeIgniter\Session\Handlers\FileHandler' driver.
INFO - 2024-01-02 20:22:21 --> Session: Class initialized using 'CodeIgniter\Session\Handlers\FileHandler' driver.
INFO - 2024-01-02 20:22:22 --> Session: Class initialized using 'CodeIgniter\Session\Handlers\FileHandler' driver.
INFO - 2024-01-02 20:22:26 --> Session: Class initialized using 'CodeIgniter\Session\Handlers\FileHandler' driver.
INFO - 2024-01-02 20:24:36 --> Session: Class initialized using 'CodeIgniter\Session\Handlers\FileHandler' driver.
INFO - 2024-01-02 20:24:38 --> Session: Class initialized using 'CodeIgniter\Session\Handlers\FileHandler' driver.
INFO - 2024-01-02 20:25:44 --> Session: Class initialized using 'CodeIgniter\Session\Handlers\FileHandler' driver.
INFO - 2024-01-02 20:25:51 --> Session: Class initialized using 'CodeIgniter\Session\Handlers\FileHandler' driver.
INFO - 2024-01-02 20:25:53 --> Session: Class initialized using 'CodeIgniter\Session\Handlers\FileHandler' driver.
INFO - 2024-01-02 20:26:00 --> Session: Class initialized using 'CodeIgniter\Session\Handlers\FileHandler' driver.
INFO - 2024-01-02 20:26:05 --> Session: Class initialized using 'CodeIgniter\Session\Handlers\FileHandler' driver.
INFO - 2024-01-02 20:26:09 --> Session: Class initialized using 'CodeIgniter\Session\Handlers\FileHandler' driver.
INFO - 2024-01-02 20:26:11 --> Session: Class initialized using 'CodeIgniter\Session\Handlers\FileHandler' driver.
INFO - 2024-01-02 20:26:13 --> Session: Class initialized using 'CodeIgniter\Session\Handlers\FileHandler' driver.
INFO - 2024-01-02 20:26:16 --> Session: Class initialized using 'CodeIgniter\Session\Handlers\FileHandler' driver.
INFO - 2024-01-02 20:30:11 --> Session: Class initialized using 'CodeIgniter\Session\Handlers\FileHandler' driver.
INFO - 2024-01-02 20:42:11 --> Session: Class initialized using 'CodeIgniter\Session\Handlers\FileHandler' driver.
INFO - 2024-01-02 20:42:21 --> Session: Class initialized using 'CodeIgniter\Session\Handlers\FileHandler' driver.
ERROR - 2024-01-02 20:42:22 --> mysqli_sql_exception: Unknown column 'EmpleadoID' in 'field list' in C:\Users\jorge\OneDrive - Educacyl\DAW2\Desarrollo Web en Entorno Servidor\proyectoASIR\codeigniter\system\Database\MySQLi\Connection.php:306
Stack trace:
#0 C:\Users\jorge\OneDrive - Educacyl\DAW2\Desarrollo Web en Entorno Servidor\proyectoASIR\codeigniter\system\Database\MySQLi\Connection.php(306): mysqli->query('INSERT INTO fic...', 0)
#1 C:\Users\jorge\OneDrive - Educacyl\DAW2\Desarrollo Web en Entorno Servidor\proyectoASIR\codeigniter\system\Database\BaseConnection.php(693): CodeIgniter\Database\MySQLi\Connection->execute('INSERT INTO fic...')
#2 C:\Users\jorge\OneDrive - Educacyl\DAW2\Desarrollo Web en Entorno Servidor\proyectoASIR\codeigniter\system\Database\BaseConnection.php(607): CodeIgniter\Database\BaseConnection->simpleQuery('INSERT INTO fic...')
#3 C:\Users\jorge\OneDrive - Educacyl\DAW2\Desarrollo Web en Entorno Servidor\proyectoASIR\codeigniter\app\Models\MiModelo.php(265): CodeIgniter\Database\BaseConnection->query('INSERT INTO fic...')
#4 C:\Users\jorge\OneDrive - Educacyl\DAW2\Desarrollo Web en Entorno Servidor\proyectoASIR\codeigniter\app\Controllers\Home.php(304): App\Models\MiModelo->insertarRegistro('2', ''2024-01-01T21:...', 'null', 'null', 'null', 'null')
#5 C:\Users\jorge\OneDrive - Educacyl\DAW2\Desarrollo Web en Entorno Servidor\proyectoASIR\codeigniter\system\CodeIgniter.php(942): App\Controllers\Home->actualizar()
#6 C:\Users\jorge\OneDrive - Educacyl\DAW2\Desarrollo Web en Entorno Servidor\proyectoASIR\codeigniter\system\CodeIgniter.php(502): CodeIgniter\CodeIgniter->runController(Object(App\Controllers\Home))
#7 C:\Users\jorge\OneDrive - Educacyl\DAW2\Desarrollo Web en Entorno Servidor\proyectoASIR\codeigniter\system\CodeIgniter.php(361): CodeIgniter\CodeIgniter->handleRequest(NULL, Object(Config\Cache), false)
#8 C:\Users\jorge\OneDrive - Educacyl\DAW2\Desarrollo Web en Entorno Servidor\proyectoASIR\codeigniter\public\index.php(79): CodeIgniter\CodeIgniter->run()
#9 {main}
CRITICAL - 2024-01-02 20:42:22 --> Unknown column 'EmpleadoID' in 'field list'
in SYSTEMPATH\Database\BaseConnection.php on line 647.
 1 APPPATH\Models\MiModelo.php(265): CodeIgniter\Database\BaseConnection->query('INSERT INTO fichaje (EmpleadoID, FechaEntrada, FechaSalida, InicioPausa, FinPausa, Estado) VALUES
        (2, \'2024-01-01T21:42:13\',null,null, null,null)')
 2 APPPATH\Controllers\Home.php(304): App\Models\MiModelo->insertarRegistro('2', '\'2024-01-01T21:42:13\'', 'null', 'null', 'null', 'null')
 3 SYSTEMPATH\CodeIgniter.php(942): App\Controllers\Home->actualizar()
 4 SYSTEMPATH\CodeIgniter.php(502): CodeIgniter\CodeIgniter->runController(Object(App\Controllers\Home))
 5 SYSTEMPATH\CodeIgniter.php(361): CodeIgniter\CodeIgniter->handleRequest(null, Object(Config\Cache), false)
 6 FCPATH\index.php(79): CodeIgniter\CodeIgniter->run()
INFO - 2024-01-02 20:43:07 --> Session: Class initialized using 'CodeIgniter\Session\Handlers\FileHandler' driver.
INFO - 2024-01-02 20:43:14 --> Session: Class initialized using 'CodeIgniter\Session\Handlers\FileHandler' driver.
ERROR - 2024-01-02 20:43:14 --> mysqli_sql_exception: Unknown column 'EmpleadoID' in 'field list' in C:\Users\jorge\OneDrive - Educacyl\DAW2\Desarrollo Web en Entorno Servidor\proyectoASIR\codeigniter\system\Database\MySQLi\Connection.php:306
Stack trace:
#0 C:\Users\jorge\OneDrive - Educacyl\DAW2\Desarrollo Web en Entorno Servidor\proyectoASIR\codeigniter\system\Database\MySQLi\Connection.php(306): mysqli->query('INSERT INTO fic...', 0)
#1 C:\Users\jorge\OneDrive - Educacyl\DAW2\Desarrollo Web en Entorno Servidor\proyectoASIR\codeigniter\system\Database\BaseConnection.php(693): CodeIgniter\Database\MySQLi\Connection->execute('INSERT INTO fic...')
#2 C:\Users\jorge\OneDrive - Educacyl\DAW2\Desarrollo Web en Entorno Servidor\proyectoASIR\codeigniter\system\Database\BaseConnection.php(607): CodeIgniter\Database\BaseConnection->simpleQuery('INSERT INTO fic...')
#3 C:\Users\jorge\OneDrive - Educacyl\DAW2\Desarrollo Web en Entorno Servidor\proyectoASIR\codeigniter\app\Models\MiModelo.php(265): CodeIgniter\Database\BaseConnection->query('INSERT INTO fic...')
#4 C:\Users\jorge\OneDrive - Educacyl\DAW2\Desarrollo Web en Entorno Servidor\proyectoASIR\codeigniter\app\Controllers\Home.php(304): App\Models\MiModelo->insertarRegistro('2', ''2024-01-01T21:...', 'null', 'null', 'null', 'null')
#5 C:\Users\jorge\OneDrive - Educacyl\DAW2\Desarrollo Web en Entorno Servidor\proyectoASIR\codeigniter\system\CodeIgniter.php(942): App\Controllers\Home->actualizar()
#6 C:\Users\jorge\OneDrive - Educacyl\DAW2\Desarrollo Web en Entorno Servidor\proyectoASIR\codeigniter\system\CodeIgniter.php(502): CodeIgniter\CodeIgniter->runController(Object(App\Controllers\Home))
#7 C:\Users\jorge\OneDrive - Educacyl\DAW2\Desarrollo Web en Entorno Servidor\proyectoASIR\codeigniter\system\CodeIgniter.php(361): CodeIgniter\CodeIgniter->handleRequest(NULL, Object(Config\Cache), false)
#8 C:\Users\jorge\OneDrive - Educacyl\DAW2\Desarrollo Web en Entorno Servidor\proyectoASIR\codeigniter\public\index.php(79): CodeIgniter\CodeIgniter->run()
#9 {main}
CRITICAL - 2024-01-02 20:43:14 --> Unknown column 'EmpleadoID' in 'field list'
in SYSTEMPATH\Database\BaseConnection.php on line 647.
 1 APPPATH\Models\MiModelo.php(265): CodeIgniter\Database\BaseConnection->query('INSERT INTO fichaje (EmpleadoID, FechaEntrada, FechaSalida, InicioPausa, FinPausa, Estado) VALUES
        (2, \'2024-01-01T21:43:09\',null,null, null,null)')
 2 APPPATH\Controllers\Home.php(304): App\Models\MiModelo->insertarRegistro('2', '\'2024-01-01T21:43:09\'', 'null', 'null', 'null', 'null')
 3 SYSTEMPATH\CodeIgniter.php(942): App\Controllers\Home->actualizar()
 4 SYSTEMPATH\CodeIgniter.php(502): CodeIgniter\CodeIgniter->runController(Object(App\Controllers\Home))
 5 SYSTEMPATH\CodeIgniter.php(361): CodeIgniter\CodeIgniter->handleRequest(null, Object(Config\Cache), false)
 6 FCPATH\index.php(79): CodeIgniter\CodeIgniter->run()
INFO - 2024-01-02 20:43:49 --> Session: Class initialized using 'CodeIgniter\Session\Handlers\FileHandler' driver.
INFO - 2024-01-02 20:44:58 --> Session: Class initialized using 'CodeIgniter\Session\Handlers\FileHandler' driver.
INFO - 2024-01-02 20:53:17 --> Session: Class initialized using 'CodeIgniter\Session\Handlers\FileHandler' driver.
INFO - 2024-01-02 20:57:28 --> Session: Class initialized using 'CodeIgniter\Session\Handlers\FileHandler' driver.
INFO - 2024-01-02 20:57:34 --> Session: Class initialized using 'CodeIgniter\Session\Handlers\FileHandler' driver.
INFO - 2024-01-02 20:57:38 --> Session: Class initialized using 'CodeIgniter\Session\Handlers\FileHandler' driver.
INFO - 2024-01-02 21:00:08 --> Session: Class initialized using 'CodeIgniter\Session\Handlers\FileHandler' driver.
INFO - 2024-01-02 21:00:10 --> Session: Class initialized using 'CodeIgniter\Session\Handlers\FileHandler' driver.
INFO - 2024-01-02 21:00:11 --> Session: Class initialized using 'CodeIgniter\Session\Handlers\FileHandler' driver.
INFO - 2024-01-02 21:02:04 --> Session: Class initialized using 'CodeIgniter\Session\Handlers\FileHandler' driver.
INFO - 2024-01-02 21:03:24 --> Session: Class initialized using 'CodeIgniter\Session\Handlers\FileHandler' driver.
ERROR - 2024-01-02 21:03:24 --> mysqli_sql_exception: You have an error in your SQL syntax; check the manual that corresponds to your MariaDB server version for the right syntax to use near '' at line 1 in C:\Users\jorge\OneDrive - Educacyl\DAW2\Desarrollo Web en Entorno Servidor\proyectoASIR\codeigniter\system\Database\MySQLi\Connection.php:306
Stack trace:
#0 C:\Users\jorge\OneDrive - Educacyl\DAW2\Desarrollo Web en Entorno Servidor\proyectoASIR\codeigniter\system\Database\MySQLi\Connection.php(306): mysqli->query('UPDATE fichaje ...', 0)
#1 C:\Users\jorge\OneDrive - Educacyl\DAW2\Desarrollo Web en Entorno Servidor\proyectoASIR\codeigniter\system\Database\BaseConnection.php(693): CodeIgniter\Database\MySQLi\Connection->execute('UPDATE fichaje ...')
#2 C:\Users\jorge\OneDrive - Educacyl\DAW2\Desarrollo Web en Entorno Servidor\proyectoASIR\codeigniter\system\Database\BaseConnection.php(607): CodeIgniter\Database\BaseConnection->simpleQuery('UPDATE fichaje ...')
#3 C:\Users\jorge\OneDrive - Educacyl\DAW2\Desarrollo Web en Entorno Servidor\proyectoASIR\codeigniter\app\Models\MiModelo.php(254): CodeIgniter\Database\BaseConnection->query('UPDATE fichaje ...')
#4 C:\Users\jorge\OneDrive - Educacyl\DAW2\Desarrollo Web en Entorno Servidor\proyectoASIR\codeigniter\app\Controllers\Home.php(269): App\Models\MiModelo->actualizarTipoSalida(NULL, '2')
#5 C:\Users\jorge\OneDrive - Educacyl\DAW2\Desarrollo Web en Entorno Servidor\proyectoASIR\codeigniter\system\CodeIgniter.php(942): App\Controllers\Home->actualizar()
#6 C:\Users\jorge\OneDrive - Educacyl\DAW2\Desarrollo Web en Entorno Servidor\proyectoASIR\codeigniter\system\CodeIgniter.php(502): CodeIgniter\CodeIgniter->runController(Object(App\Controllers\Home))
#7 C:\Users\jorge\OneDrive - Educacyl\DAW2\Desarrollo Web en Entorno Servidor\proyectoASIR\codeigniter\system\CodeIgniter.php(361): CodeIgniter\CodeIgniter->handleRequest(NULL, Object(Config\Cache), false)
#8 C:\Users\jorge\OneDrive - Educacyl\DAW2\Desarrollo Web en Entorno Servidor\proyectoASIR\codeigniter\public\index.php(79): CodeIgniter\CodeIgniter->run()
#9 {main}
CRITICAL - 2024-01-02 21:03:24 --> You have an error in your SQL syntax; check the manual that corresponds to your MariaDB server version for the right syntax to use near '' at line 1
in SYSTEMPATH\Database\BaseConnection.php on line 647.
 1 APPPATH\Models\MiModelo.php(254): CodeIgniter\Database\BaseConnection->query('UPDATE fichaje SET TipoSalida = 2 WHERE FichajeID = ;')
 2 APPPATH\Controllers\Home.php(269): App\Models\MiModelo->actualizarTipoSalida(null, '2')
 3 SYSTEMPATH\CodeIgniter.php(942): App\Controllers\Home->actualizar()
 4 SYSTEMPATH\CodeIgniter.php(502): CodeIgniter\CodeIgniter->runController(Object(App\Controllers\Home))
 5 SYSTEMPATH\CodeIgniter.php(361): CodeIgniter\CodeIgniter->handleRequest(null, Object(Config\Cache), false)
 6 FCPATH\index.php(79): CodeIgniter\CodeIgniter->run()
INFO - 2024-01-02 21:04:31 --> Session: Class initialized using 'CodeIgniter\Session\Handlers\FileHandler' driver.
ERROR - 2024-01-02 21:04:31 --> mysqli_sql_exception: You have an error in your SQL syntax; check the manual that corresponds to your MariaDB server version for the right syntax to use near '' at line 1 in C:\Users\jorge\OneDrive - Educacyl\DAW2\Desarrollo Web en Entorno Servidor\proyectoASIR\codeigniter\system\Database\MySQLi\Connection.php:306
Stack trace:
#0 C:\Users\jorge\OneDrive - Educacyl\DAW2\Desarrollo Web en Entorno Servidor\proyectoASIR\codeigniter\system\Database\MySQLi\Connection.php(306): mysqli->query('UPDATE fichaje ...', 0)
#1 C:\Users\jorge\OneDrive - Educacyl\DAW2\Desarrollo Web en Entorno Servidor\proyectoASIR\codeigniter\system\Database\BaseConnection.php(693): CodeIgniter\Database\MySQLi\Connection->execute('UPDATE fichaje ...')
#2 C:\Users\jorge\OneDrive - Educacyl\DAW2\Desarrollo Web en Entorno Servidor\proyectoASIR\codeigniter\system\Database\BaseConnection.php(607): CodeIgniter\Database\BaseConnection->simpleQuery('UPDATE fichaje ...')
#3 C:\Users\jorge\OneDrive - Educacyl\DAW2\Desarrollo Web en Entorno Servidor\proyectoASIR\codeigniter\app\Models\MiModelo.php(254): CodeIgniter\Database\BaseConnection->query('UPDATE fichaje ...')
#4 C:\Users\jorge\OneDrive - Educacyl\DAW2\Desarrollo Web en Entorno Servidor\proyectoASIR\codeigniter\app\Controllers\Home.php(269): App\Models\MiModelo->actualizarTipoSalida(NULL, '2')
#5 C:\Users\jorge\OneDrive - Educacyl\DAW2\Desarrollo Web en Entorno Servidor\proyectoASIR\codeigniter\system\CodeIgniter.php(942): App\Controllers\Home->actualizar()
#6 C:\Users\jorge\OneDrive - Educacyl\DAW2\Desarrollo Web en Entorno Servidor\proyectoASIR\codeigniter\system\CodeIgniter.php(502): CodeIgniter\CodeIgniter->runController(Object(App\Controllers\Home))
#7 C:\Users\jorge\OneDrive - Educacyl\DAW2\Desarrollo Web en Entorno Servidor\proyectoASIR\codeigniter\system\CodeIgniter.php(361): CodeIgniter\CodeIgniter->handleRequest(NULL, Object(Config\Cache), false)
#8 C:\Users\jorge\OneDrive - Educacyl\DAW2\Desarrollo Web en Entorno Servidor\proyectoASIR\codeigniter\public\index.php(79): CodeIgniter\CodeIgniter->run()
#9 {main}
CRITICAL - 2024-01-02 21:04:31 --> You have an error in your SQL syntax; check the manual that corresponds to your MariaDB server version for the right syntax to use near '' at line 1
in SYSTEMPATH\Database\BaseConnection.php on line 647.
 1 APPPATH\Models\MiModelo.php(254): CodeIgniter\Database\BaseConnection->query('UPDATE fichaje SET TipoSalida = 2 WHERE FichajeID = ;')
 2 APPPATH\Controllers\Home.php(269): App\Models\MiModelo->actualizarTipoSalida(null, '2')
 3 SYSTEMPATH\CodeIgniter.php(942): App\Controllers\Home->actualizar()
 4 SYSTEMPATH\CodeIgniter.php(502): CodeIgniter\CodeIgniter->runController(Object(App\Controllers\Home))
 5 SYSTEMPATH\CodeIgniter.php(361): CodeIgniter\CodeIgniter->handleRequest(null, Object(Config\Cache), false)
 6 FCPATH\index.php(79): CodeIgniter\CodeIgniter->run()
INFO - 2024-01-02 21:04:34 --> Session: Class initialized using 'CodeIgniter\Session\Handlers\FileHandler' driver.
INFO - 2024-01-02 21:04:37 --> Session: Class initialized using 'CodeIgniter\Session\Handlers\FileHandler' driver.
INFO - 2024-01-02 21:05:14 --> Session: Class initialized using 'CodeIgniter\Session\Handlers\FileHandler' driver.
INFO - 2024-01-02 21:05:16 --> Session: Class initialized using 'CodeIgniter\Session\Handlers\FileHandler' driver.
INFO - 2024-01-02 21:05:25 --> Session: Class initialized using 'CodeIgniter\Session\Handlers\FileHandler' driver.
INFO - 2024-01-02 21:05:31 --> Session: Class initialized using 'CodeIgniter\Session\Handlers\FileHandler' driver.
INFO - 2024-01-02 21:05:31 --> Session: Class initialized using 'CodeIgniter\Session\Handlers\FileHandler' driver.
